CODONML (in paml version 4.10.5, March 2022)  OG0008930.codon.phy
Model: several dN/dS ratios for branches, 
Codon frequency model: F3x4
Site-class models:  PositiveSelection
ns =  16  ls = 639

Codon usage in sequences
--------------------------------------------------------------------------------------------------------------------------------------
Phe TTT   9  13  11  13  14  15 | Ser TCT  14  10  11   7  11   8 | Tyr TAT   4   4   3   4   8   7 | Cys TGT   2   4   5   4   7   3
    TTC   9   9   8   7  11   8 |     TCC   3   7   4   8   6   6 |     TAC   6   5   6   5   5   6 |     TGC   8   6   6   6   3   4
Leu TTA   4   3   3   3   4   4 |     TCA   6  11   7   9   9  15 | *** TAA   0   0   0   0   0   0 | *** TGA   0   0   0   0   0   0
    TTG  13  13  11  14  11   9 |     TCG   6   3   5   3   6   0 |     TAG   0   0   0   0   0   0 | Trp TGG   6   5   6   5   8   6
--------------------------------------------------------------------------------------------------------------------------------------
Leu CTT  15  11  14  13  19  14 | Pro CCT   5   4   4   4   7   2 | His CAT   2   4   3   5   3   5 | Arg CGT   4   3   1   2   2   1
    CTC   7   6   7   7  10   3 |     CCC   3   3   3   3   3   3 |     CAC   2   1   2   0   2   3 |     CGC   0   1   3   2   1   2
    CTA   4   8   5   7   3  11 |     CCA   6   6   7   5   7   5 | Gln CAA   5   8   6   8  11   6 |     CGA   1   2   2   1   4   1
    CTG   5   6   6   4   4   5 |     CCG   2   1   1   1   4   0 |     CAG   4   6   4   5   7   3 |     CGG   2   0   1   1   1   0
--------------------------------------------------------------------------------------------------------------------------------------
Ile ATT  18  16  15  19  16  18 | Thr ACT   5   7   7   9   8   9 | Asn AAT   7   9   7   6  11   9 | Ser AGT   7   6   6   6   7   7
    ATC   8  12   8   9  11   6 |     ACC   3   4   2   4   4   4 |     AAC   5   6   5   8   2   5 |     AGC   4   8   5   5   8   4
    ATA   6   7   5  10   7   7 |     ACA   6   6   7   5   5   5 | Lys AAA  16  11  17  14  18  14 | Arg AGA   5   8   6   7   8  10
Met ATG  13  11  12  11  16  12 |     ACG   0   0   1   0   2   1 |     AAG  11  12  13  12  17  11 |     AGG   3   3   3   4   1   3
--------------------------------------------------------------------------------------------------------------------------------------
Val GTT  15  15  15  16  13  14 | Ala GCT   7  10   8  12  13   8 | Asp GAT   6   7   6   9  12   6 | Gly GGT  10   5  10   5  11   8
    GTC   4   3   6   3   6   5 |     GCC   9   8   8  10   7   8 |     GAC   5   2   3   3   5   5 |     GGC   8   6   9   5   9   5
    GTA   6   6   7   5   8   7 |     GCA  12   9  13  10  10  14 | Glu GAA  18  18  15  17  15  19 |     GGA  10  10  10  13  13  13
    GTG   9  10   9   9   8   6 |     GCG   2   2   1   1   4   3 |     GAG  13  12  14  10  11  12 |     GGG   8   8   8   7   5   5
--------------------------------------------------------------------------------------------------------------------------------------

--------------------------------------------------------------------------------------------------------------------------------------
Phe TTT  13  13  13  14  11  15 | Ser TCT   5   6   6  14  13  14 | Tyr TAT   4   6   6   6   8  12 | Cys TGT   1   4   3   3   4   6
    TTC   9   9   7   8   8  11 |     TCC   5   6   5   4   5   7 |     TAC   5   3   3   6   5   6 |     TGC   5   4   4   6   5  10
Leu TTA   5   5   4   4   6   4 |     TCA   8   6   6   6   7   9 | *** TAA   0   0   0   0   0   0 | *** TGA   0   0   0   0   0   0
    TTG  11  13  13  13  15  16 |     TCG   4   7   6   1   0   1 |     TAG   0   0   0   0   0   0 | Trp TGG   6   6   8   6   6   6
--------------------------------------------------------------------------------------------------------------------------------------
Leu CTT  16  19  21  17  18  21 | Pro CCT   3   4   5   4   4   7 | His CAT   4   3   4   3   3   4 | Arg CGT   4   5   4   1   1   1
    CTC   4   5   6   6   4   4 |     CCC   2   4   2   3   2   3 |     CAC   4   3   1   2   2   3 |     CGC   0   0   0   1   3   4
    CTA   7   7   8   8   8  11 |     CCA   6   3   3   5   7   9 | Gln CAA   9   7   7   6   8   8 |     CGA   2   1   1   1   2   1
    CTG   9   4   5   4   6   6 |     CCG   0   2   3   2   1   2 |     CAG   6   5   4   5   5   6 |     CGG   0   1   0   2   3   5
--------------------------------------------------------------------------------------------------------------------------------------
Ile ATT  16  16  16  17  18  21 | Thr ACT   6   4   5   8   8  10 | Asn AAT  10   7   7   8   6   8 | Ser AGT   5   7   4   6   6   9
    ATC  12  10   8   8   6   6 |     ACC   3   4   5   4   5   9 |     AAC   6   4   8   4   4  10 |     AGC   7   6   7   5   7  10
    ATA   7   6   5   5   9  11 |     ACA   7   9  11   8   7   8 | Lys AAA  15  10  12  18  17  18 | Arg AGA   8  12  10   6   7   6
Met ATG   9  12  14  12  10  13 |     ACG   2   1   0   0   0   1 |     AAG  16  18  17  12  11  14 |     AGG   1   4   1   3   5   7
--------------------------------------------------------------------------------------------------------------------------------------
Val GTT  11   9   9  12  14  19 | Ala GCT  12  11  12  11   9  14 | Asp GAT   8  10  11  10  11  15 | Gly GGT  10   8  12  11   9  11
    GTC   6   8   8   4   4   6 |     GCC   5   6   4   6   7   9 |     GAC   5   6   6   8   6   8 |     GGC   5   3   3   6   8   8
    GTA   5   9   8   3   5   5 |     GCA   9  10  12  11  16  21 | Glu GAA  15  15  15  13  15  13 |     GGA  15  16  16  14  12  16
    GTG   8   8   9  10  10  13 |     GCG   4   2   2   1   1   3 |     GAG  15  17  14   9  15  22 |     GGG   3   4   1   6   5   5
--------------------------------------------------------------------------------------------------------------------------------------

------------------------------------------------------------------------------------------------------
Phe TTT   9  16   9  12 | Ser TCT  12  15  14   9 | Tyr TAT   8  12   7   5 | Cys TGT   5   6   4   4
    TTC   8  10   8  11 |     TCC   6   6   4  10 |     TAC   4   5   2   3 |     TGC   4  10   5   6
Leu TTA   4   3   3   4 |     TCA   7   9   6   8 | *** TAA   0   0   0   0 | *** TGA   0   0   0   0
    TTG  14  14   9   3 |     TCG   0   1   0   2 |     TAG   0   0   0   0 | Trp TGG   6   6   6   5
------------------------------------------------------------------------------------------------------
Leu CTT  18  21  14  11 | Pro CCT   4   7   4   4 | His CAT   3   6   3   5 | Arg CGT   1   2   1   1
    CTC   4   4   1  10 |     CCC   2   1   1   3 |     CAC   3   5   2   1 |     CGC   2   2   2   3
    CTA   8  12   8   8 |     CCA   6   9   5   4 | Gln CAA   7   6   5   6 |     CGA   2   1   1   1
    CTG   5   6   4  10 |     CCG   1   3   2   2 |     CAG   4   6   4   7 |     CGG   3   6   3   2
------------------------------------------------------------------------------------------------------
Ile ATT  16  22  16  11 | Thr ACT   7  10   6   3 | Asn AAT   7   9   7   6 | Ser AGT   6   9   5   6
    ATC   9   8   6   9 |     ACC   4   8   4   7 |     AAC   4  10   4   5 |     AGC   6  10   6   6
    ATA   8   9   7   6 |     ACA   6   9   6   7 | Lys AAA  14  16  13   9 | Arg AGA   6   6   6   6
Met ATG  10  13  10  11 |     ACG   0   1   0   1 |     AAG  11  15  10  16 |     AGG   4   6   3   5
------------------------------------------------------------------------------------------------------
Val GTT  14  18  10  15 | Ala GCT   9  14   7  10 | Asp GAT  10  13   9   7 | Gly GGT   9  10   8  11
    GTC   3   7   4   7 |     GCC   7  10   6   8 |     GAC   7   8   5   7 |     GGC   6   8   6   4
    GTA   4   4   2   9 |     GCA  17  17  15   8 | Glu GAA  14  14  11  20 |     GGA  12  15  11  12
    GTG  10  10   8   4 |     GCG   2   5   2   5 |     GAG  13  18  12   8 |     GGG   5   5   3  11
------------------------------------------------------------------------------------------------------

Codon position x base (3x4) table for each sequence.

#1: Aer1           
position  1:    T:0.21635    C:0.16106    A:0.28125    G:0.34135
position  2:    T:0.34856    C:0.21394    A:0.25000    G:0.18750
position  3:    T:0.31250    C:0.20192    A:0.25240    G:0.23317
Average         T:0.29247    C:0.19231    A:0.26122    G:0.25401

#2: Aer2           
position  1:    T:0.22143    C:0.16667    A:0.30000    G:0.31190
position  2:    T:0.35476    C:0.21667    A:0.25000    G:0.17857
position  3:    T:0.30476    C:0.20714    A:0.26905    G:0.21905
Average         T:0.29365    C:0.19683    A:0.27302    G:0.23651

#3: Aer3           
position  1:    T:0.20673    C:0.16587    A:0.28606    G:0.34135
position  2:    T:0.34135    C:0.21394    A:0.25000    G:0.19471
position  3:    T:0.30288    C:0.20433    A:0.26442    G:0.22837
Average         T:0.28365    C:0.19471    A:0.26683    G:0.25481

#4: Aer4           
position  1:    T:0.20952    C:0.16190    A:0.30714    G:0.32143
position  2:    T:0.35714    C:0.21667    A:0.25238    G:0.17381
position  3:    T:0.31905    C:0.20238    A:0.27143    G:0.20714
Average         T:0.29524    C:0.19365    A:0.27698    G:0.23413

#5: Csin1          
position  1:    T:0.21369    C:0.18257    A:0.29253    G:0.31120
position  2:    T:0.33402    C:0.21992    A:0.26349    G:0.18257
position  3:    T:0.33610    C:0.19295    A:0.25311    G:0.21784
Average         T:0.29461    C:0.19848    A:0.26971    G:0.23721

#6: Csin2          
position  1:    T:0.21770    C:0.15311    A:0.29904    G:0.33014
position  2:    T:0.34450    C:0.21770    A:0.26555    G:0.17225
position  3:    T:0.32057    C:0.18421    A:0.31340    G:0.18182
Average         T:0.29426    C:0.18501    A:0.29266    G:0.22807

#7: Mdo1           
position  1:    T:0.19149    C:0.17967    A:0.30733    G:0.32151
position  2:    T:0.34988    C:0.19149    A:0.28842    G:0.17021
position  3:    T:0.30260    C:0.19622    A:0.27896    G:0.22222
Average         T:0.28132    C:0.18913    A:0.29157    G:0.23798

#8: Mdo2           
position  1:    T:0.20323    C:0.16859    A:0.30023    G:0.32794
position  2:    T:0.35335    C:0.19630    A:0.26328    G:0.18707
position  3:    T:0.30485    C:0.18707    A:0.26790    G:0.24018
Average         T:0.28714    C:0.18399    A:0.27714    G:0.25173

#9: Mdo3           
position  1:    T:0.19535    C:0.17209    A:0.30233    G:0.33023
position  2:    T:0.35814    C:0.20233    A:0.26744    G:0.17209
position  3:    T:0.32093    C:0.17907    A:0.27442    G:0.22558
Average         T:0.29147    C:0.18450    A:0.28140    G:0.24264

#10: Rsim1          
position  1:    T:0.21667    C:0.16667    A:0.29524    G:0.32143
position  2:    T:0.34524    C:0.20952    A:0.26190    G:0.18333
position  3:    T:0.34524    C:0.19286    A:0.25714    G:0.20476
Average         T:0.30238    C:0.18968    A:0.27143    G:0.23651

#11: Vcor1          
position  1:    T:0.20993    C:0.17381    A:0.28442    G:0.33183
position  2:    T:0.34312    C:0.20767    A:0.26185    G:0.18736
position  3:    T:0.32280    C:0.18284    A:0.28442    G:0.20993
Average         T:0.29195    C:0.18811    A:0.27690    G:0.24304

#12: Vdar1          
position  1:    T:0.20856    C:0.16934    A:0.28699    G:0.33512
position  2:    T:0.32442    C:0.22638    A:0.26203    G:0.18717
position  3:    T:0.33333    C:0.20321    A:0.24955    G:0.21390
Average         T:0.28877    C:0.19964    A:0.26619    G:0.24540

#13: Vduc1          
position  1:    T:0.20714    C:0.17381    A:0.28095    G:0.33810
position  2:    T:0.34286    C:0.21429    A:0.25952    G:0.18333
position  3:    T:0.32857    C:0.18810    A:0.27381    G:0.20952
Average         T:0.29286    C:0.19206    A:0.27143    G:0.24365

#14: Vmac1          
position  1:    T:0.20658    C:0.17733    A:0.29433    G:0.32176
position  2:    T:0.32358    C:0.22852    A:0.26143    G:0.18647
position  3:    T:0.34735    C:0.20475    A:0.23766    G:0.21024
Average         T:0.29250    C:0.20353    A:0.26447    G:0.23949

#15: Vmic1          
position  1:    T:0.21096    C:0.16438    A:0.29863    G:0.32603
position  2:    T:0.32603    C:0.22466    A:0.25753    G:0.19178
position  3:    T:0.33973    C:0.18082    A:0.27123    G:0.20822
Average         T:0.29224    C:0.18995    A:0.27580    G:0.24201

#16: Vvin1          
position  1:    T:0.19524    C:0.18571    A:0.27143    G:0.34762
position  2:    T:0.33571    C:0.21667    A:0.25000    G:0.19762
position  3:    T:0.28571    C:0.23810    A:0.25714    G:0.21905
Average         T:0.27222    C:0.21349    A:0.25952    G:0.25476

Sums of codon usage counts
------------------------------------------------------------------------------
Phe F TTT     200 | Ser S TCT     169 | Tyr Y TAT     104 | Cys C TGT      65
      TTC     141 |       TCC      92 |       TAC      75 |       TGC      92
Leu L TTA      63 |       TCA     129 | *** * TAA       0 | *** * TGA       0
      TTG     192 |       TCG      45 |       TAG       0 | Trp W TGG      97
------------------------------------------------------------------------------
Leu L CTT     262 | Pro P CCT      72 | His H CAT      60 | Arg R CGT      34
      CTC      88 |       CCC      41 |       CAC      36 |       CGC      26
      CTA     123 |       CCA      93 | Gln Q CAA     113 |       CGA      24
      CTG      89 |       CCG      27 |       CAG      81 |       CGG      30
------------------------------------------------------------------------------
Ile I ATT     271 | Thr T ACT     112 | Asn N AAT     124 | Ser S AGT     102
      ATC     136 |       ACC      74 |       AAC      90 |       AGC     104
      ATA     115 |       ACA     112 | Lys K AAA     232 | Arg R AGA     117
Met M ATG     189 |       ACG      10 |       AAG     216 |       AGG      56
------------------------------------------------------------------------------
Val V GTT     219 | Ala A GCT     167 | Asp D GAT     150 | Gly G GGT     148
      GTC      84 |       GCC     118 |       GAC      89 |       GGC      99
      GTA      93 |       GCA     204 | Glu E GAA     247 |       GGA     208
      GTG     141 |       GCG      40 |       GAG     215 |       GGG      89
------------------------------------------------------------------------------

(Ambiguity data are not used in the counts.)


Codon position x base (3x4) table, overall

position  1:    T:0.20813    C:0.17046    A:0.29286    G:0.32855
position  2:    T:0.34205    C:0.21396    A:0.26045    G:0.18354
position  3:    T:0.32115    C:0.19690    A:0.26628    G:0.21567
Average         T:0.29045    C:0.19377    A:0.27320    G:0.24258


Nei & Gojobori 1986. dN/dS (dN, dS)
(Pairwise deletion)
(Note: This matrix is not used in later ML. analysis.
Use runmode = -2 for ML pairwise comparison.)

Aer1                
Aer2                 0.2960 (0.1291 0.4360)
Aer3                 0.2742 (0.0379 0.1382) 0.3209 (0.1280 0.3988)
Aer4                 0.2962 (0.1328 0.4484) 0.5475 (0.0440 0.0804) 0.3314 (0.1267 0.3823)
Csin1                0.2780 (0.1190 0.4279) 0.3123 (0.1451 0.4645) 0.2785 (0.1210 0.4345) 0.3069 (0.1388 0.4522)
Csin2                0.2838 (0.1208 0.4255) 0.4913 (0.1327 0.2700) 0.3392 (0.1216 0.3584) 0.5211 (0.1320 0.2534) 0.3012 (0.1334 0.4428)
Mdo1                 0.1920 (0.2292 1.1937) 0.2277 (0.2547 1.1187) 0.2034 (0.2249 1.1056) 0.2295 (0.2564 1.1173) 0.2231 (0.2376 1.0650) 0.1967 (0.2274 1.1560)
Mdo2                 0.1827 (0.2212 1.2109) 0.2236 (0.2486 1.1117) 0.1876 (0.2236 1.1917) 0.2283 (0.2542 1.1137) 0.2245 (0.2281 1.0161) 0.1997 (0.2214 1.1091) 0.2996 (0.0653 0.2180)
Mdo3                 0.1823 (0.2209 1.2119) 0.2077 (0.2537 1.2216) 0.1907 (0.2313 1.2129) 0.2207 (0.2573 1.1657) 0.2329 (0.2401 1.0309) 0.1966 (0.2284 1.1619) 0.3042 (0.0673 0.2214) 0.2885 (0.0444 0.1540)
Rsim1                0.3430 (0.1379 0.4021) 0.3547 (0.1755 0.4947) 0.3563 (0.1352 0.3793) 0.3883 (0.1720 0.4428) 0.3343 (0.1523 0.4554) 0.3857 (0.1576 0.4087) 0.2199 (0.2493 1.1335) 0.2238 (0.2551 1.1396) 0.2380 (0.2636 1.1072)
Vcor1                0.2748 (0.1222 0.4447) 0.3365 (0.1564 0.4649) 0.3450 (0.1257 0.3643) 0.3481 (0.1568 0.4506) 0.2802 (0.1350 0.4818) 0.3327 (0.1297 0.3898) 0.2233 (0.2327 1.0422) 0.2182 (0.2374 1.0881) 0.2246 (0.2471 1.0999) 0.4929 (0.0809 0.1642)
Vdar1                0.3028 (0.1377 0.4547) 0.3648 (0.1795 0.4920) 0.3544 (0.1362 0.3844) 0.3825 (0.1817 0.4751) 0.3104 (0.1561 0.5029) 0.3785 (0.1514 0.4001) 0.2343 (0.2547 1.0867) 0.2260 (0.2592 1.1471) 0.2343 (0.2701 1.1524) 0.5582 (0.1009 0.1809) 0.7226 (0.0516 0.0715)
Vduc1                0.2560 (0.1198 0.4679) 0.3347 (0.1600 0.4780) 0.3122 (0.1235 0.3955) 0.3414 (0.1572 0.4604) 0.2843 (0.1357 0.4773) 0.3402 (0.1361 0.4000) 0.2322 (0.2403 1.0349) 0.2292 (0.2419 1.0555) 0.2359 (0.2517 1.0666) 0.4213 (0.0769 0.1825) 0.4731 (0.0127 0.0268) 0.7291 (0.0359 0.0492)
Vmac1                0.2952 (0.1500 0.5082) 0.3628 (0.1906 0.5253) 0.3440 (0.1485 0.4317) 0.3683 (0.1881 0.5107) 0.2930 (0.1686 0.5754) 0.3675 (0.1619 0.4407) 0.2354 (0.2709 1.1512) 0.2321 (0.2655 1.1441) 0.2266 (0.2741 1.2095) 0.4597 (0.1062 0.2311) 0.6428 (0.0764 0.1189) 0.6500 (0.0349 0.0537) 0.5576 (0.0500 0.0896)
Vmic1                0.2559 (0.1260 0.4925) 0.3258 (0.1662 0.5103) 0.3028 (0.1257 0.4151) 0.3262 (0.1616 0.4954) 0.2605 (0.1399 0.5369) 0.3316 (0.1303 0.3929) 0.2320 (0.2534 1.0922) 0.2242 (0.2462 1.0982) 0.2280 (0.2563 1.1245) 0.4128 (0.0737 0.1785) 0.3370 (0.0145 0.0432) 0.4676 (0.0182 0.0390) 0.2845 (0.0146 0.0512) 0.2077 (0.0024 0.0116)
Vvin1                0.2133 (0.2524 1.1836) 0.2622 (0.2779 1.0597) 0.2364 (0.2674 1.1310) 0.2942 (0.2728 0.9275) 0.2264 (0.2366 1.0449) 0.2923 (0.2555 0.8742) 0.3063 (0.3102 1.0128) 0.2569 (0.3019 1.1753) 0.2772 (0.3176 1.1459) 0.3027 (0.2839 0.9381) 0.2707 (0.2602 0.9611) 0.2974 (0.2870 0.9650) 0.2743 (0.2642 0.9631) 0.2859 (0.2934 1.0260) 0.2734 (0.2713 0.9924)
TREE #  1:  (1, (((((2, 4), 6), ((7, (8, 9)), 16)), 5), (10, ((11, (12, (14, 15))), 13))), 3);   MP score: -1
lnL(ntime: 29  np: 34):  -9406.967418      +0.000000
  17..1    17..18   18..19   19..20   20..21   21..22   22..2    22..4    21..6    20..23   23..24   24..7    24..25   25..8    25..9    23..16   19..5    18..26   26..10   26..27   27..28   28..11   28..29   29..12   29..30   30..14   30..15   27..13   17..3  
 0.111771 0.172284 0.045616 0.046134 0.036466 0.215085 0.087499 0.078590 0.231552 0.242080 0.706718 0.167830 0.053005 0.099375 0.124241 0.925059 0.347933 0.207866 0.182055 0.118795 0.001010 0.111428 0.075042 0.045721 0.056480 0.046968 0.008635 0.041421 0.080916 2.431930 0.672731 0.271325 0.193874 34.949374

Note: Branch length is defined as number of nucleotide substitutions per codon (not per nucleotide site).

tree length =  4.667572

(1: 0.111771, (((((2: 0.087499, 4: 0.078590): 0.215085, 6: 0.231552): 0.036466, ((7: 0.167830, (8: 0.099375, 9: 0.124241): 0.053005): 0.706718, 16: 0.925059): 0.242080): 0.046134, 5: 0.347933): 0.045616, (10: 0.182055, ((11: 0.111428, (12: 0.045721, (14: 0.046968, 15: 0.008635): 0.056480): 0.075042): 0.001010, 13: 0.041421): 0.118795): 0.207866): 0.172284, 3: 0.080916);

(Aer1: 0.111771, (((((Aer2: 0.087499, Aer4: 0.078590): 0.215085, Csin2: 0.231552): 0.036466, ((Mdo1: 0.167830, (Mdo2: 0.099375, Mdo3: 0.124241): 0.053005): 0.706718, Vvin1: 0.925059): 0.242080): 0.046134, Csin1: 0.347933): 0.045616, (Rsim1: 0.182055, ((Vcor1: 0.111428, (Vdar1: 0.045721, (Vmac1: 0.046968, Vmic1: 0.008635): 0.056480): 0.075042): 0.001010, Vduc1: 0.041421): 0.118795): 0.207866): 0.172284, Aer3: 0.080916);

Detailed output identifying parameters

kappa (ts/tv) =  2.43193


MLEs of dN/dS (w) for site classes (K=4)

site class             0        1       2a       2b
proportion       0.67273  0.27133  0.03987  0.01608
background w     0.19387  1.00000  0.19387  1.00000
foreground w     0.19387  1.00000 34.94937 34.94937


Naive Empirical Bayes (NEB) analysis (please use the BEB results.)
Positive sites for foreground lineages Prob(w>1):

    75 S 0.943
   287 Y 0.900
   325 F 0.975*
   441 M 0.936
   476 E 0.724
   478 V 0.602
   481 L 0.857
   485 V 0.694
   487 E 0.988*
   488 L 0.999**
   489 G 0.673
   490 E 0.881
   508 - 0.931
   509 - 0.824
   513 - 0.842
   514 - 0.744
   518 - 0.820
   607 - 0.962*
   609 - 0.947
   631 - 0.943
   635 - 0.948
   636 - 0.970*

Bayes Empirical Bayes (BEB) analysis (Yang, Wong & Nielsen 2005. Mol. Biol. Evol. 22:1107-1118)
Positive sites for foreground lineages Prob(w>1):
    75 S 0.947
   113 K 0.710
   287 Y 0.856
   300 I 0.678
   325 F 0.985*
   331 V 0.718
   337 T 0.630
   339 E 0.637
   358 Y 0.707
   441 M 0.871
   476 E 0.721
   477 K 0.535
   478 V 0.562
   481 L 0.846
   485 V 0.674
   487 E 0.988*
   488 L 0.986*
   490 E 0.744
   508 - 0.821
   509 - 0.724
   513 - 0.733
   514 - 0.702
   518 - 0.728
   607 - 0.856
   609 - 0.827
   629 - 0.523
   631 - 0.788
   635 - 0.725
   636 - 0.838


The grid (see ternary graph for p0-p1)

w0:   0.050  0.150  0.250  0.350  0.450  0.550  0.650  0.750  0.850  0.950
w2:   1.500  2.500  3.500  4.500  5.500  6.500  7.500  8.500  9.500 10.500


Posterior on the grid

w0:   0.000  0.731  0.269  0.000  0.000  0.000  0.000  0.000  0.000  0.000
w2:   0.000  0.000  0.000  0.000  0.001  0.006  0.026  0.087  0.246  0.634

Posterior for p0-p1 (see the ternary graph) (YWN2015, fig. 1)

 0.000
 0.000 0.000 0.000
 0.000 0.000 0.000 0.000 0.000
 0.000 0.000 0.000 0.000 0.000 0.000 0.000
 0.000 0.000 0.000 0.000 0.000 0.000 0.000 0.000 0.000
 0.000 0.000 0.000 0.000 0.000 0.000 0.000 0.000 0.000 0.000 0.000
 0.000 0.000 0.000 0.000 0.000 0.000 0.000 0.000 0.000 0.000 0.315 0.169 0.003
 0.000 0.000 0.000 0.000 0.000 0.000 0.000 0.000 0.000 0.000 0.000 0.134 0.232 0.091 0.000
 0.000 0.000 0.000 0.000 0.000 0.000 0.000 0.000 0.000 0.000 0.000 0.000 0.000 0.039 0.005 0.010 0.000
 0.000 0.000 0.000 0.000 0.000 0.000 0.000 0.000 0.000 0.000 0.000 0.000 0.000 0.000 0.000 0.000 0.000 0.000 0.000

sum of density on p0-p1 =   1.000000
