IQ-TREE multicore version 1.6.12 for Linux 64-bit built Aug 15 2019
Developed by Bui Quang Minh, Nguyen Lam Tung, Olga Chernomor,
Heiko Schmidt, Dominik Schrempf, Michael Woodhams.

Host:    omicsclass-k17 (AVX2, FMA3, 125 GB RAM)
Command: /share/biosoft/iqtree/latest/bin/iqtree -s /home/us001/projects/vaccinium_almt/results/p4_phylogeny/ALL_ALMT.trim.fa -m MFP -bb 1000 -alrt 1000 -nt 16 -pre /home/us001/projects/vaccinium_almt/results/p4_phylogeny/ALL_ALMT_iqtree -redo
Seed:    60023 (Using SPRNG - Scalable Parallel Random Number Generator)
Time:    Mon May 11 16:35:19 2026
Kernel:  AVX+FMA - 16 threads (32 CPU cores detected)

Reading alignment file /home/us001/projects/vaccinium_almt/results/p4_phylogeny/ALL_ALMT.trim.fa ... Fasta format detected
Alignment most likely contains protein sequences
Alignment has 154 sequences with 380 columns, 379 distinct patterns
357 parsimony-informative, 15 singleton sites, 8 constant sites
                                                      Gap/Ambiguity  Composition  p-value
   1  Aer_XP_057461131.1                                      0.00%    passed     86.23%
   2  Aer_XP_057462256.1                                      0.00%    passed     99.81%
   3  Aer_XP_057463197.1                                      0.00%    passed     94.43%
   4  Aer_XP_057463337.1                                      0.00%    passed     99.91%
   5  Aer_XP_057466883.1                                      0.00%    passed     69.95%
   6  Aer_XP_057473816.1                                      0.53%    passed     93.13%
   7  Aer_XP_057479248.1                                      1.58%    passed     92.29%
   8  Aer_XP_057480547.1                                      0.00%    passed    100.00%
   9  Aer_XP_057480549.1                                     10.00%    passed     99.60%
  10  Aer_XP_057481773.1                                      0.00%    passed     51.63%
  11  Aer_XP_057481774.1                                      0.00%    passed     51.63%
  12  Aer_XP_057483129.1                                      0.00%    passed     96.72%
  13  Aer_XP_057483564.1                                      0.00%    passed     99.22%
  14  Aer_XP_057484025.1                                      0.00%    passed     97.28%
  15  Aer_XP_057486393.1                                      0.00%    passed    100.00%
  16  Aer_XP_057496637.1                                      0.00%    passed     96.88%
  17  Aer_XP_057497741.1                                      0.00%    passed     61.38%
  18  Aer_XP_057505826.1                                      0.00%    passed     89.40%
  19  Aer_XP_057509178.1                                      0.53%    passed     89.71%
  20  Aer_XP_057510152.1                                      0.00%    passed     66.41%
  21  Aer_XP_057510948.1                                      0.00%    passed     93.87%
  22  Aer_XP_057511237.1                                      0.00%    passed     99.53%
  23  Aer_XP_057512530.1                                      0.00%    passed     34.45%
  24  Ath_NP_001032019.1                                      6.32%    passed     99.26%
  25  Ath_NP_001119385.1                                     11.84%    passed     97.51%
  26  Ath_NP_001319836.1                                      0.00%    passed     54.38%
  27  Ath_NP_001324626.1                                      0.00%    passed     94.72%
  28  Ath_NP_001325206.1                                      2.37%    passed     99.86%
  29  Ath_NP_001327288.1                                      0.53%    passed     94.18%
  30  Ath_NP_172319.1                                         0.00%    passed     81.64%
  31  Ath_NP_172320.1                                         0.00%    passed     77.52%
  32  Ath_NP_173278.1                                         0.00%    passed     98.13%
  33  Ath_NP_173919.1                                         0.00%    passed     73.48%
  34  Ath_NP_180292.1                                         0.00%    passed     94.72%
  35  Ath_NP_188473.1                                         0.00%    passed     99.45%
  36  Ath_NP_193531.1                                         0.00%    passed     98.61%
  37  Ath_NP_199472.1                                         0.00%    passed     97.94%
  38  Ath_NP_199473.1                                         0.00%    passed     99.77%
  39  Ath_NP_564935.1                                         0.00%    passed     90.08%
  40  Csin_XP_028068065.2                                     0.00%    passed     89.27%
  41  Csin_XP_028070300.2                                     0.00%    passed     68.95%
  42  Csin_XP_028078238.2                                     0.00%    passed     98.44%
  43  Csin_XP_028080560.2                                     0.00%    passed     99.33%
  44  Csin_XP_028083526.2                                     0.00%    passed     94.67%
  45  Csin_XP_028084915.1                                     0.00%    passed     82.20%
  46  Csin_XP_028104754.1                                     1.05%    passed     42.68%
  47  Csin_XP_028107667.2                                     0.00%    passed     85.61%
  48  Csin_XP_028109838.2                                     0.00%    passed     99.32%
  49  Csin_XP_028110859.2                                     0.00%    passed     70.75%
  50  Csin_XP_028110861.1                                     0.00%    passed     93.89%
  51  Csin_XP_028116915.2                                     0.00%    passed     85.99%
  52  Csin_XP_028119061.1                                     0.00%    passed     91.31%
  53  Csin_XP_028119062.1                                    17.89%    passed     97.02%
  54  Csin_XP_028119063.1                                    23.16%    passed     91.95%
  55  Csin_XP_082760673.1                                     0.00%    passed     89.48%
  56  Csin_XP_082761533.1                                     0.26%    passed     99.98%
  57  Mdo_XP_008338598.2                                      0.26%    passed     95.45%
  58  Mdo_XP_008339686.4                                      0.00%    passed     99.33%
  59  Mdo_XP_008341114.2                                      0.26%    passed     54.62%
  60  Mdo_XP_008344380.3                                      0.00%    passed     99.88%
  61  Mdo_XP_008345100.2                                      0.00%    passed     79.67%
  62  Mdo_XP_008350071.2                                      0.79%    passed     90.18%
  63  Mdo_XP_008350864.3                                      0.00%    passed     56.73%
  64  Mdo_XP_008360056.2                                      0.00%    passed     98.45%
  65  Mdo_XP_008360621.3                                      0.00%    passed     79.94%
  66  Mdo_XP_008361562.1                                      0.26%    passed     81.90%
  67  Mdo_XP_008361572.2                                      0.00%    passed     97.62%
  68  Mdo_XP_008361730.3                                     10.79%    passed     87.78%
  69  Mdo_XP_008363698.4                                      0.26%    passed     93.26%
  70  Mdo_XP_008367579.2                                      0.00%    passed     97.77%
  71  Mdo_XP_008373555.3                                      0.26%    passed     64.46%
  72  Mdo_XP_008374744.1                                      0.00%    passed     99.66%
  73  Mdo_XP_008386509.1                                      0.00%    passed     90.57%
  74  Mdo_XP_008390303.4                                      0.00%    passed     40.46%
  75  Mdo_XP_017186658.2                                     11.84%    passed     96.32%
  76  Mdo_XP_017187244.1                                      0.00%    passed     93.59%
  77  Mdo_XP_017188365.3                                      0.00%    passed     43.64%
  78  Mdo_XP_028948087.2                                      0.00%    passed     20.51%
  79  Mdo_XP_028948673.1                                      0.00%    passed     84.62%
  80  Mdo_XP_070664908.1                                      0.00%    passed     95.25%
  81  Mdo_XP_070672292.1                                     18.16%    passed     74.98%
  82  Mdo_XP_070681829.1                                      3.68%    passed     97.35%
  83  Rsim_KAF7131711.1                                       0.00%    passed     77.69%
  84  Rsim_KAF7134348.1                                       0.00%    passed     99.93%
  85  Rsim_KAF7137314.1                                       3.95%    passed     34.59%
  86  Rsim_KAF7139285.1                                       0.26%    passed     92.73%
  87  Rsim_KAF7146936.1                                       0.00%    passed     99.91%
  88  Rsim_KAF7147369.1                                       0.00%    passed     98.83%
  89  Rsim_KAF7149174.1                                       2.89%    passed     99.80%
  90  Rsim_KAF7150614.1                                       0.00%    passed     99.55%
  91  Rsim_KAF7150813.1                                       1.84%    passed     87.87%
  92  Rsim_KAF7152173.1                                       0.00%    passed     76.96%
  93  Rsim_KAF7153641.1                                       0.00%    passed     66.60%
  94  Vcor_VaccDscaff22-augustus-gene-3.23-mRNA-1             0.26%    passed     97.93%
  95  Vcor_VaccDscaff22-snap-gene-63.37-mRNA-1                0.00%    passed     50.99%
  96  Vcor_VaccDscaff20-snap-gene-123.32-mRNA-1               0.00%    passed     76.27%
  97  Vcor_VaccDscaff20-processed-gene-339.3-mRNA-1           0.00%    passed     92.92%
  98  Vcor_VaccDscaff25-augustus-gene-50.33-mRNA-1            0.00%    passed     96.59%
  99  Vcor_VaccDscaff13-snap-gene-205.30-mRNA-1               0.00%    passed     99.29%
 100  Vcor_VaccDscaff33-augustus-gene-72.29-mRNA-1            0.00%    passed     99.37%
 101  Vcor_VaccDscaff33-augustus-gene-295.32-mRNA-1           0.00%    passed     99.86%
 102  Vcor_VaccDscaff46-augustus-gene-185.20-mRNA-1           0.00%    passed     93.59%
 103  Vcor_VaccDscaff49-snap-gene-9.64-mRNA-1                 0.00%    passed     91.36%
 104  Vcor_VaccDscaff37-snap-gene-141.39-mRNA-1               0.00%    passed     75.70%
 105  Vcor_VaccDscaff28-snap-gene-4.47-mRNA-1                 0.00%    passed     95.92%
 106  Vcor_VaccDscaff28-snap-gene-34.33-mRNA-1                0.00%    passed     94.52%
 107  Vdar_KAH7835189.1                                       0.00%    passed     91.70%
 108  Vdar_KAH7840041.1                                       0.00%    passed     93.38%
 109  Vdar_KAH7851380.1                                       0.00%    passed     99.29%
 110  Vdar_KAH7854940.1                                       6.58%    passed     99.55%
 111  Vdar_KAH7855228.1                                       0.00%    passed     97.60%
 112  Vdar_KAH7859503.1                                       0.00%    passed     69.07%
 113  Vdar_KAH7864007.1                                       0.00%    passed     46.32%
 114  Vdar_KAH7864239.1                                       0.00%    passed     93.77%
 115  Vduc_GWHPDOBL004912                                     0.00%    passed     78.38%
 116  Vduc_GWHPDOBL006900                                     0.00%    passed     95.13%
 117  Vduc_GWHPDOBL007610                                     0.00%    passed     99.86%
 118  Vduc_GWHPDOBL009662                                     2.89%    passed     91.66%
 119  Vduc_GWHPDOBL010431                                     0.26%    passed     93.34%
 120  Vduc_GWHPDOBL010968                                     0.00%    passed     21.23%
 121  Vduc_GWHPDOBL013499                                     0.00%    passed     95.41%
 122  Vduc_GWHPDOBL014285                                     0.00%    passed     87.33%
 123  Vduc_GWHPDOBL036726                                     0.00%    passed     99.12%
 124  Vmac_vmacro00341-RA_Vaccinium_macrocarpon_Stevens_v1    0.26%    passed     94.98%
 125  Vmac_vmacro06484-RA_Vaccinium_macrocarpon_Stevens_v1    0.00%    passed     99.82%
 126  Vmac_vmacro07478-RA_Vaccinium_macrocarpon_Stevens_v1    0.00%    passed     96.40%
 127  Vmac_vmacro10544-RA_Vaccinium_macrocarpon_Stevens_v1    0.00%    passed     64.46%
 128  Vmac_vmacro11417-RA_Vaccinium_macrocarpon_Stevens_v1    0.00%    passed     97.81%
 129  Vmac_vmacro11518-RA_Vaccinium_macrocarpon_Stevens_v1    0.00%    passed     95.70%
 130  Vmac_vmacro12658-RA_Vaccinium_macrocarpon_Stevens_v1   13.42%    passed     93.54%
 131  Vmac_vmacro13559-RA_Vaccinium_macrocarpon_Stevens_v1    0.00%    passed     39.77%
 132  Vmac_vmacro14927-RA_Vaccinium_macrocarpon_Stevens_v1    1.32%    passed     99.51%
 133  Vmac_vmacro17665-RA_Vaccinium_macrocarpon_Stevens_v1    0.00%    passed     99.98%
 134  Vmic_vmicro00103-RA_Vaccinium_microcarpum_v1           13.68%    passed     97.77%
 135  Vmic_vmicro01063-RA_Vaccinium_microcarpum_v1            0.00%    passed     97.70%
 136  Vmic_vmicro05697-RA_Vaccinium_microcarpum_v1            1.58%    passed     72.14%
 137  Vmic_vmicro07721-RA_Vaccinium_microcarpum_v1            0.00%    passed     99.95%
 138  Vmic_vmicro08677-RA_Vaccinium_microcarpum_v1           16.58%    passed     99.93%
 139  Vmic_vmicro16897-RA_Vaccinium_microcarpum_v1           10.79%    passed     89.32%
 140  Vmic_vmicro21395-RA_Vaccinium_microcarpum_v1            3.42%    passed     71.17%
 141  Vmic_vmicro25044-RA_Vaccinium_microcarpum_v1            0.00%    passed     99.84%
 142  Vmic_vmicro28240-RA_Vaccinium_microcarpum_v1           25.53%    passed     90.58%
 143  Vvin_XP_002262763.1                                     0.00%    passed     96.66%
 144  Vvin_XP_002264499.1                                     0.00%    passed     89.57%
 145  Vvin_XP_002264700.2                                     0.00%    passed     99.17%
 146  Vvin_XP_002272229.1                                     0.00%    passed     99.84%
 147  Vvin_XP_002273129.3                                     1.05%    passed     95.63%
 148  Vvin_XP_002274847.2                                     0.00%    passed     91.08%
 149  Vvin_XP_002275995.1                                     0.00%    passed     97.89%
 150  Vvin_XP_002278594.2                                     0.00%    passed     93.57%
 151  Vvin_XP_002278978.1                                     0.00%    passed     87.49%
 152  Vvin_XP_002279322.1                                     0.00%    passed     99.32%
 153  Vvin_XP_010647826.1                                     0.26%    passed     98.21%
 154  Vvin_XP_010652148.1                                     0.00%    passed     91.98%
****  TOTAL                                                   1.49%  0 sequences failed composition chi2 test (p-value<5%; df=19)
NOTE: Aer_XP_057481774.1 is identical to Aer_XP_057481773.1 but kept for subsequent analysis
NOTE: Ath_NP_180292.1 is identical to Ath_NP_001324626.1 but kept for subsequent analysis
NOTE: Vdar_KAH7851380.1 is identical to Vcor_VaccDscaff13-snap-gene-205.30-mRNA-1 but kept for subsequent analysis
NOTE: Vduc_GWHPDOBL007610 is identical to Vcor_VaccDscaff33-augustus-gene-295.32-mRNA-1 but kept for subsequent analysis


Create initial parsimony tree by phylogenetic likelihood library (PLL)... 0.099 seconds
NOTE: ModelFinder requires 96 MB RAM!
ModelFinder will test 546 protein models (sample size: 380) ...
 No. Model         -LnL         df  AIC          AICc         BIC
  1  Dayhoff       35716.610    305 72043.221    74565.653    73244.973
  2  Dayhoff+I     35631.905    306 71875.810    74449.563    73081.502
  3  Dayhoff+G4    34602.170    306 69816.341    72390.094    71022.033
  4  Dayhoff+I+G4  34597.749    307 69809.497    72436.053    71019.130
  5  Dayhoff+R2    34822.489    307 70258.977    72885.533    71468.610
  6  Dayhoff+R3    34628.364    309 69874.727    72611.584    71092.240
  7  Dayhoff+R4    34580.750    311 69783.499    72637.381    71008.892
  8  Dayhoff+R5    34571.903    313 69769.806    72748.048    71003.080
  9  Dayhoff+R6    34571.289    315 69772.578    72883.203    71013.732
 14  Dayhoff+F     35500.446    324 71648.891    75477.982    72925.507
 15  Dayhoff+F+I   35423.515    325 71497.029    75421.103    72777.585
 16  Dayhoff+F+G4  34332.618    325 69315.237    73239.311    70595.793
 17  Dayhoff+F+I+G4 34330.528    326 69313.056    73335.773    70597.552
 18  Dayhoff+F+R2  34558.755    326 69769.510    73792.227    71054.006
 19  Dayhoff+F+R3  34365.030    328 69386.060    73617.903    70678.437
 20  Dayhoff+F+R4  34313.373    330 69286.745    73745.113    70587.002
 21  Dayhoff+F+R5  34307.159    332 69278.318    73982.829    70586.455
 22  Dayhoff+F+R6  34306.336    334 69280.672    74253.561    70596.689
 27  mtMAM         38452.111    305 77514.223    80036.655    78715.975
 28  mtMAM+I       38403.513    306 77419.026    79992.779    78624.718
 29  mtMAM+G4      36076.272    306 72764.544    75338.298    73970.237
 30  mtMAM+I+G4    36076.394    307 72766.788    75393.343    73976.420
 31  mtMAM+R2      36478.238    307 73570.476    76197.031    74780.108
 32  mtMAM+R3      36161.757    309 72941.514    75678.371    74159.027
 33  mtMAM+R4      36069.854    311 72761.708    75615.590    73987.101
 34  mtMAM+R5      36026.632    313 72679.265    75657.507    73912.538
 35  mtMAM+R6      36011.773    315 72653.547    75764.172    73894.701
 36  mtMAM+R7      36005.235    317 72644.469    75896.275    73893.503
 37  mtMAM+R8      36001.076    319 72640.153    76042.819    73897.067
 40  mtMAM+F       36951.857    324 74551.715    78380.805    75828.330
 41  mtMAM+F+I     36900.731    325 74451.463    78375.537    75732.018
 42  mtMAM+F+G4    34939.715    325 70529.431    74453.505    71809.986
 43  mtMAM+F+I+G4  34939.806    326 70531.611    74554.328    71816.107
 44  mtMAM+F+R2    35294.369    326 71240.737    75263.454    72525.233
 45  mtMAM+F+R3    35009.609    328 70675.219    74907.062    71967.595
 46  mtMAM+F+R4    34929.321    330 70518.641    74977.009    71818.898
 47  mtMAM+F+R5    34903.730    332 70471.459    75175.970    71779.596
 48  mtMAM+F+R6    34890.398    334 70448.796    75421.685    71764.813
 49  mtMAM+F+R7    34887.060    336 70446.120    75712.725    71770.018
 53  JTT           34903.139    305 70416.277    72938.709    71618.029
 54  JTT+I         34815.225    306 70242.450    72816.204    71448.143
 55  JTT+G4        33780.011    306 68172.022    70745.775    69377.714
 56  JTT+I+G4      33776.433    307 68166.867    70793.422    69376.499
 57  JTT+R2        34005.796    307 68625.592    71252.147    69835.224
 58  JTT+R3        33796.436    309 68210.872    70947.729    69428.385
 59  JTT+R4        33764.434    311 68150.868    71004.750    69376.261
 60  JTT+R5        33753.594    313 68133.189    71111.431    69366.463
 61  JTT+R6        33751.201    315 68132.402    71243.027    69373.556
 66  JTT+F         34863.684    324 70375.369    74204.460    71651.984
 67  JTT+F+I       34780.322    325 70210.643    74134.718    71491.199
 68  JTT+F+G4      33650.788    325 67951.575    71875.649    69232.131
 69  JTT+F+I+G4    33648.499    326 67948.998    71971.715    69233.494
 70  JTT+F+R2      33888.747    326 68429.493    72452.210    69713.989
 71  JTT+F+R3      33674.619    328 68005.239    72237.082    69297.615
 72  JTT+F+R4      33638.213    330 67936.426    72394.793    69236.682
 73  JTT+F+R5      33630.390    332 67924.780    72629.291    69232.917
 74  JTT+F+R6      33625.753    334 67919.507    72892.396    69235.524
 79  WAG           35142.775    305 70895.551    73417.983    72097.303
 80  WAG+I         35059.629    306 70731.257    73305.011    71936.950
 81  WAG+G4        34142.225    306 68896.451    71470.204    70102.143
 82  WAG+I+G4      34137.904    307 68889.808    71516.364    70099.441
 83  WAG+R2        34335.180    307 69284.359    71910.915    70493.992
 84  WAG+R3        34157.669    309 68933.338    71670.195    70150.851
 85  WAG+R4        34121.766    311 68865.533    71719.415    70090.926
 86  WAG+R5        34112.754    313 68851.509    71829.751    70084.782
 87  WAG+R6        34112.567    315 68855.134    71965.759    70096.288
 92  WAG+F         35090.977    324 70829.954    74659.045    72106.569
 93  WAG+F+I       35013.499    325 70676.999    74601.073    71957.555
 94  WAG+F+G4      34014.197    325 68678.395    72602.469    69958.950
 95  WAG+F+I+G4    34011.893    326 68675.786    72698.503    69960.282
 96  WAG+F+R2      34219.832    326 69091.664    73114.381    70376.160
 97  WAG+F+R3      34036.166    328 68728.332    72960.175    70020.708
 98  WAG+F+R4      33998.469    330 68656.938    73115.305    69957.194
 99  WAG+F+R5      33991.839    332 68647.678    73352.189    69955.815
100  WAG+F+R6      33991.562    334 68651.125    73624.013    69967.142
105  cpREV         35079.605    305 70769.210    73291.643    71970.962
106  cpREV+I       35015.731    306 70643.462    73217.215    71849.154
107  cpREV+G4      34101.313    306 68814.626    71388.380    70020.318
108  cpREV+I+G4    34098.893    307 68811.786    71438.341    70021.418
109  cpREV+R2      34300.926    307 69215.852    71842.408    70425.485
110  cpREV+R3      34116.183    309 68850.365    71587.222    70067.878
111  cpREV+R4      34082.445    311 68786.890    71640.773    70012.284
112  cpREV+R5      34071.199    313 68768.398    71746.640    70001.671
113  cpREV+R6      34070.927    315 68771.854    71882.479    70013.008
118  cpREV+F       35061.207    324 70770.413    74599.504    72047.029
119  cpREV+F+I     34996.765    325 70643.529    74567.603    71924.085
120  cpREV+F+G4    34050.174    325 68750.347    72674.421    70030.903
121  cpREV+F+I+G4  34048.355    326 68748.710    72771.427    70033.206
122  cpREV+F+R2    34255.878    326 69163.756    73186.473    70448.252
123  cpREV+F+R3    34065.997    328 68787.994    73019.837    70080.370
124  cpREV+F+R4    34033.134    330 68726.269    73184.636    70026.525
125  cpREV+F+R5    34022.681    332 68709.362    73413.873    70017.499
126  cpREV+F+R6    34022.558    334 68713.117    73686.006    70029.134
131  mtREV         36990.694    305 74591.388    77113.821    75793.141
132  mtREV+I       36938.832    306 74489.663    77063.417    75695.356
133  mtREV+G4      35414.502    306 71441.005    74014.758    72646.697
134  mtREV+I+G4    35414.594    307 71443.188    74069.744    72652.821
135  mtREV+R2      35699.285    307 72012.570    74639.126    73222.203
136  mtREV+R3      35466.568    309 71551.136    74287.994    72768.649
137  mtREV+R4      35406.216    311 71434.433    74288.315    72659.826
138  mtREV+R5      35388.109    313 71402.218    74380.461    72635.492
139  mtREV+R6      35379.444    315 71388.888    74499.513    72630.042
140  mtREV+R7      35376.469    317 71386.938    74638.745    72635.973
144  mtREV+F       35601.250    324 71850.500    75679.591    73127.116
145  mtREV+F+I     35547.411    325 71744.823    75668.897    73025.379
146  mtREV+F+G4    34243.844    325 69137.688    73061.762    70418.244
147  mtREV+F+I+G4  34243.831    326 69139.662    73162.379    70424.158
148  mtREV+F+R2    34496.534    326 69645.067    73667.784    70929.563
149  mtREV+F+R3    34284.157    328 69224.314    73456.157    70516.690
150  mtREV+F+R4    34228.797    330 69117.594    73575.962    70417.851
151  mtREV+F+R5    34217.298    332 69098.596    73803.106    70406.732
152  mtREV+F+R6    34210.758    334 69089.516    74062.405    70405.533
153  mtREV+F+R7    34209.520    336 69091.040    74357.645    70414.938
157  rtREV         35965.835    305 72541.669    75064.102    73743.422
158  rtREV+I       35893.112    306 72398.225    74971.978    73603.917
159  rtREV+G4      34799.627    306 70211.254    72785.007    71416.946
160  rtREV+I+G4    34797.111    307 70208.222    72834.777    71417.854
161  rtREV+R2      35008.903    307 70631.806    73258.362    71841.439
162  rtREV+R3      34829.549    309 70277.099    73013.956    71494.612
163  rtREV+R4      34787.398    311 70196.795    73050.678    71422.188
164  rtREV+R5      34779.177    313 70184.353    73162.596    71417.627
165  rtREV+R6      34775.242    315 70180.484    73291.109    71421.638
170  rtREV+F       35838.461    324 72324.921    76154.012    73601.537
171  rtREV+F+I     35774.348    325 72198.696    76122.770    73479.252
172  rtREV+F+G4    34521.378    325 69692.755    73616.830    70973.311
173  rtREV+F+I+G4  34520.567    326 69693.133    73715.850    70977.629
174  rtREV+F+R2    34759.415    326 70170.831    74193.548    71455.327
175  rtREV+F+R3    34557.267    328 69770.535    74002.378    71062.911
176  rtREV+F+R4    34513.877    330 69687.754    74146.121    70988.010
177  rtREV+F+R5    34503.460    332 69670.921    74375.432    70979.058
178  rtREV+F+R6    34497.540    334 69663.080    74635.969    70979.097
183  mtART         38130.769    305 76871.537    79393.970    78073.290
184  mtART+I       38094.802    306 76801.604    79375.357    78007.296
185  mtART+G4      35959.853    306 72531.706    75105.459    73737.398
186  mtART+I+G4    35958.957    307 72531.914    75158.469    73741.546
187  mtART+R2      36313.101    307 73240.202    75866.757    74449.834
188  mtART+R3      36028.922    309 72675.844    75412.701    73893.357
189  mtART+R4      35940.701    311 72503.403    75357.285    73728.796
190  mtART+R5      35914.201    313 72454.402    75432.644    73687.675
191  mtART+R6      35898.750    315 72427.500    75538.125    73668.654
192  mtART+R7      35887.437    317 72408.874    75660.681    73657.908
193  mtART+R8      35883.814    319 72405.627    75808.294    73662.542
196  mtART+F       36941.378    324 74530.756    78359.847    75807.371
197  mtART+F+I     36913.374    325 74476.748    78400.822    75757.303
198  mtART+F+G4    35114.281    325 70878.562    74802.636    72159.118
199  mtART+F+I+G4  35114.383    326 70880.765    74903.482    72165.261
200  mtART+F+R2    35419.794    326 71491.589    75514.306    72776.084
201  mtART+F+R3    35175.179    328 71006.357    75238.200    72298.733
202  mtART+F+R4    35107.662    330 70875.323    75333.690    72175.580
203  mtART+F+R5    35070.822    332 70805.643    75510.154    72113.780
204  mtART+F+R6    35062.716    334 70793.432    75766.321    72109.449
205  mtART+F+R7    35055.272    336 70782.544    76049.149    72106.442
206  mtART+F+R8    35053.785    338 70783.571    76372.937    72115.349
209  mtZOA         36757.449    305 74124.898    76647.331    75326.650
210  mtZOA+I       36727.623    306 74067.246    76640.999    75272.938
211  mtZOA+G4      34909.989    306 70431.978    73005.732    71637.671
212  mtZOA+I+G4    34910.016    307 70434.032    73060.588    71643.665
213  mtZOA+R2      35210.250    307 71034.500    73661.056    72244.133
214  mtZOA+R3      34964.582    309 70547.164    73284.021    71764.677
215  mtZOA+R4      34902.441    311 70426.881    73280.764    71652.275
216  mtZOA+R5      34862.349    313 70350.698    73328.941    71583.972
217  mtZOA+R6      34856.755    315 70343.510    73454.135    71584.664
222  mtZOA+F       35925.892    324 72499.785    76328.875    73776.400
223  mtZOA+F+I     35897.832    325 72445.664    76369.738    73726.220
224  mtZOA+F+G4    34370.929    325 69391.859    73315.933    70672.414
225  mtZOA+F+I+G4  34370.932    326 69393.864    73416.581    70678.360
226  mtZOA+F+R2    34636.340    326 69924.679    73947.396    71209.175
227  mtZOA+F+R3    34425.652    328 69507.304    73739.147    70799.680
228  mtZOA+F+R4    34361.536    330 69383.071    73841.439    70683.328
229  mtZOA+F+R5    34339.915    332 69343.830    74048.341    70651.967
230  mtZOA+F+R6    34334.019    334 69336.039    74308.928    70652.056
235  VT            35276.304    305 71162.607    73685.040    72364.360
236  VT+I          35191.490    306 70994.981    73568.734    72200.673
237  VT+G4         34235.454    306 69082.909    71656.662    70288.601
238  VT+I+G4       34231.546    307 69077.091    71703.647    70286.724
239  VT+R2         34436.010    307 69486.020    72112.576    70695.653
240  VT+R3         34252.068    309 69122.136    71858.993    70339.649
241  VT+R4         34217.950    311 69057.900    71911.783    70283.293
242  VT+R5         34209.859    313 69045.719    72023.961    70278.993
243  VT+R6         34209.199    315 69048.398    72159.023    70289.552
248  VT+F          35271.756    324 71191.511    75020.602    72468.127
249  VT+F+I        35191.388    325 71032.776    74956.850    72313.332
250  VT+F+G4       34158.613    325 68967.226    72891.300    70247.781
251  VT+F+I+G4     34155.979    326 68963.958    72986.675    70248.454
252  VT+F+R2       34369.470    326 69390.941    73413.658    70675.437
253  VT+F+R3       34179.717    328 69015.435    73247.278    70307.811
254  VT+F+R4       34145.033    330 68950.066    73408.433    70250.323
255  VT+F+R5       34139.427    332 68942.854    73647.364    70250.991
261  LG            35250.035    305 71110.071    73632.503    72311.823
262  LG+I          35179.057    306 70970.113    73543.866    72175.805
263  LG+G4         34086.747    306 68785.495    71359.248    69991.187
264  LG+I+G4       34084.554    307 68783.108    71409.663    69992.740
265  LG+R2         34302.475    307 69218.950    71845.506    70428.583
266  LG+R3         34115.257    309 68848.515    71585.372    70066.028
267  LG+R4         34073.319    311 68768.637    71622.519    69994.030
268  LG+R5         34065.487    313 68756.975    71735.217    69990.248
269  LG+R6         34061.620    315 68753.240    71863.865    69994.394
274  LG+F          35335.180    324 71318.360    75147.451    72594.975
275  LG+F+I        35270.776    325 71191.552    75115.626    72472.108
276  LG+F+G4       34037.869    325 68725.737    72649.812    70006.293
277  LG+F+I+G4     34037.026    326 68726.052    72748.769    70010.548
278  LG+F+R2       34276.580    326 69205.160    73227.877    70489.656
279  LG+F+R3       34075.990    328 68807.981    73039.824    70100.357
280  LG+F+R4       34029.245    330 68718.490    73176.857    70018.746
281  LG+F+R5       34019.135    332 68702.269    73406.780    70010.406
282  LG+F+R6       34015.026    334 68698.052    73670.941    70014.070
287  DCMut         35719.391    305 72048.781    74571.214    73250.533
288  DCMut+I       35634.491    306 71880.983    74454.736    73086.675
289  DCMut+G4      34605.721    306 69823.442    72397.196    71029.135
290  DCMut+I+G4    34601.287    307 69816.573    72443.129    71026.206
291  DCMut+R2      34825.822    307 70265.644    72892.200    71475.277
292  DCMut+R3      34632.256    309 69882.511    72619.368    71100.024
293  DCMut+R4      34584.796    311 69791.593    72645.475    71016.986
294  DCMut+R5      34581.124    313 69788.249    72766.491    71021.522
300  DCMut+F       35504.441    324 71656.883    75485.974    72933.498
301  DCMut+F+I     35427.310    325 71504.619    75428.694    72785.175
302  DCMut+F+G4    34336.765    325 69323.530    73247.604    70604.086
303  DCMut+F+I+G4  34334.649    326 69321.297    73344.014    70605.793
304  DCMut+F+R2    34562.886    326 69777.772    73800.489    71062.268
305  DCMut+F+R3    34369.097    328 69394.194    73626.037    70686.570
306  DCMut+F+R4    34318.095    330 69296.191    73754.558    70596.447
307  DCMut+F+R5    34316.322    332 69296.644    74001.155    70604.781
313  PMB           35683.670    305 71977.340    74499.772    73179.092
314  PMB+I         35605.271    306 71822.543    74396.296    73028.235
315  PMB+G4        34628.103    306 69868.207    72441.960    71073.899
316  PMB+I+G4      34625.379    307 69864.759    72491.314    71074.391
317  PMB+R2        34830.373    307 70274.745    72901.301    71484.378
318  PMB+R3        34646.960    309 69911.921    72648.778    71129.433
319  PMB+R4        34612.790    311 69847.580    72701.463    71072.973
320  PMB+R5        34607.489    313 69840.978    72819.221    71074.252
326  PMB+F         35770.948    324 72189.897    76018.988    73466.512
327  PMB+F+I       35694.410    325 72038.820    75962.894    73319.375
328  PMB+F+G4      34649.329    325 69948.658    73872.732    71229.214
329  PMB+F+I+G4    34647.134    326 69946.268    73968.985    71230.764
330  PMB+F+R2      34861.242    326 70374.485    74397.202    71658.981
331  PMB+F+R3      34674.404    328 70004.808    74236.651    71297.184
332  PMB+F+R4      34635.337    330 69930.673    74389.041    71230.930
333  PMB+F+R5      34631.211    332 69926.423    74630.933    71234.559
339  HIVb          35465.181    305 71540.362    74062.794    72742.114
340  HIVb+I        35371.450    306 71354.901    73928.654    72560.593
341  HIVb+G4       34223.291    306 69058.581    71632.335    70264.274
342  HIVb+I+G4     34218.579    307 69051.159    71677.715    70260.792
343  HIVb+R2       34495.853    307 69605.705    72232.261    70815.338
344  HIVb+R3       34243.502    309 69105.004    71841.861    70322.517
345  HIVb+R4       34204.929    311 69031.858    71885.740    70257.251
346  HIVb+R5       34198.545    313 69023.090    72001.333    70256.364
347  HIVb+R6       34190.841    315 69011.682    72122.307    70252.835
348  HIVb+R7       34188.661    317 69011.323    72263.129    70260.357
352  HIVb+F        35343.997    324 71335.993    75165.084    72612.609
353  HIVb+F+I      35253.333    325 71156.666    75080.741    72437.222
354  HIVb+F+G4     33959.337    325 68568.673    72492.747    69849.229
355  HIVb+F+I+G4   33956.309    326 68564.618    72587.335    69849.114
356  HIVb+F+R2     34260.388    326 69172.777    73195.494    70457.272
357  HIVb+F+R3     33995.439    328 68646.878    72878.721    69939.254
358  HIVb+F+R4     33945.930    330 68551.860    73010.227    69852.117
359  HIVb+F+R5     33942.940    332 68549.880    73254.390    69858.017
365  HIVw          36719.853    305 74049.707    76572.139    75251.459
366  HIVw+I        36624.182    306 73860.364    76434.118    75066.057
367  HIVw+G4       35473.706    306 71559.411    74133.165    72765.104
368  HIVw+I+G4     35467.994    307 71549.988    74176.543    72759.620
369  HIVw+R2       35730.896    307 72075.792    74702.348    73285.425
370  HIVw+R3       35499.413    309 71616.827    74353.684    72834.340
371  HIVw+R4       35449.871    311 71521.742    74375.625    72747.136
372  HIVw+R5       35437.297    313 71500.593    74478.836    72733.867
373  HIVw+R6       35433.897    315 71497.795    74608.420    72738.949
378  HIVw+F        36396.187    324 73440.373    77269.464    74716.989
379  HIVw+F+I      36289.209    325 73228.418    77152.492    74508.974
380  HIVw+F+G4     35063.814    325 70777.627    74701.701    72058.183
381  HIVw+F+I+G4   35057.569    326 70767.138    74789.855    72051.633
382  HIVw+F+R2     35338.512    326 71329.024    75351.741    72613.520
383  HIVw+F+R3     35094.232    328 70844.464    75076.307    72136.840
384  HIVw+F+R4     35044.612    330 70749.224    75207.591    72049.480
385  HIVw+F+R5     35031.192    332 70726.384    75430.895    72034.521
386  HIVw+F+R6     35027.855    334 70723.710    75696.599    72039.727
391  JTTDCMut      34913.866    305 70437.732    72960.164    71639.484
392  JTTDCMut+I    34825.791    306 70263.581    72837.335    71469.274
393  JTTDCMut+G4   33796.426    306 68204.851    70778.605    69410.544
394  JTTDCMut+I+G4 33792.771    307 68199.543    70826.098    69409.176
395  JTTDCMut+R2   34021.560    307 68657.119    71283.675    69866.752
396  JTTDCMut+R3   33812.555    309 68243.110    70979.968    69460.623
397  JTTDCMut+R4   33780.520    311 68183.041    71036.923    69408.434
398  JTTDCMut+R5   33770.351    313 68166.702    71144.944    69399.976
399  JTTDCMut+R6   33768.204    315 68166.409    71277.034    69407.563
404  JTTDCMut+F    34873.835    324 70395.670    74224.761    71672.286
405  JTTDCMut+F+I  34790.304    325 70230.609    74154.683    71511.164
406  JTTDCMut+F+G4 33665.161    325 67980.323    71904.397    69260.878
407  JTTDCMut+F+I+G4 33662.881    326 67977.763    72000.480    69262.259
408  JTTDCMut+F+R2 33902.898    326 68457.795    72480.512    69742.291
409  JTTDCMut+F+R3 33688.338    328 68032.677    72264.520    69325.053
410  JTTDCMut+F+R4 33652.802    330 67965.604    72423.971    69265.860
411  JTTDCMut+F+R5 33645.311    332 67954.622    72659.132    69262.759
412  JTTDCMut+F+R6 33640.985    334 67949.970    72922.859    69265.988
417  FLU           35660.272    305 71930.544    74452.976    73132.296
418  FLU+I         35587.325    306 71786.650    74360.403    72992.342
419  FLU+G4        34456.587    306 69525.175    72098.928    70730.867
420  FLU+I+G4      34454.669    307 69523.338    72149.894    70732.971
421  FLU+R2        34694.907    307 70003.815    72630.370    71213.447
422  FLU+R3        34489.283    309 69596.566    72333.424    70814.079
423  FLU+R4        34439.523    311 69501.045    72354.928    70726.439
424  FLU+R5        34430.907    313 69487.814    72466.057    70721.088
425  FLU+R6        34429.514    315 69489.028    72599.653    70730.182
430  FLU+F         35637.709    324 71923.419    75752.509    73200.034
431  FLU+F+I       35565.553    325 71781.105    75705.179    73061.661
432  FLU+F+G4      34288.611    325 69227.223    73151.297    70507.778
433  FLU+F+I+G4    34287.166    326 69226.332    73249.049    70510.828
434  FLU+F+R2      34532.610    326 69717.221    73739.938    71001.717
435  FLU+F+R3      34336.212    328 69328.425    73560.268    70620.801
436  FLU+F+R4      34275.037    330 69210.073    73668.441    70510.330
437  FLU+F+R5      34265.897    332 69195.794    73900.304    70503.930
438  FLU+F+R6      34263.463    334 69194.926    74167.815    70510.943
443  Blosum62      35774.918    305 72159.837    74682.269    73361.589
444  Blosum62+I    35700.139    306 72012.279    74586.032    73217.971
445  Blosum62+G4   34714.428    306 70040.855    72614.609    71246.548
446  Blosum62+I+G4 34711.912    307 70037.823    72664.379    71247.456
447  Blosum62+R2   34913.337    307 70440.675    73067.230    71650.307
448  Blosum62+R3   34736.552    309 70091.103    72827.960    71308.616
449  Blosum62+R4   34699.027    311 70020.053    72873.936    71245.447
450  Blosum62+R5   34691.052    313 70008.103    72986.346    71241.377
451  Blosum62+R6   34690.331    315 70010.661    73121.286    71251.815
456  Blosum62+F    35898.960    324 72445.919    76275.010    73722.535
457  Blosum62+F+I  35826.447    325 72302.894    76226.968    73583.450
458  Blosum62+F+G4 34781.634    325 70213.269    74137.343    71493.824
459  Blosum62+F+I+G4 34779.813    326 70211.626    74234.343    71496.122
460  Blosum62+F+R2 34991.886    326 70635.772    74658.489    71920.268
461  Blosum62+F+R3 34807.528    328 70271.055    74502.898    71563.431
462  Blosum62+F+R4 34767.752    330 70195.503    74653.870    71495.760
463  Blosum62+F+R5 34760.885    332 70185.770    74890.281    71493.907
464  Blosum62+F+R6 34758.849    334 70185.699    75158.588    71501.716
469  mtMet         36494.823    305 73599.646    76122.078    74801.398
470  mtMet+I       36450.436    306 73512.872    76086.625    74718.564
471  mtMet+G4      34784.504    306 70181.008    72754.762    71386.701
472  mtMet+I+G4    34784.601    307 70183.201    72809.757    71392.834
473  mtMet+R2      35083.180    307 70780.361    73406.916    71989.994
474  mtMet+R3      34843.474    309 70304.948    73041.805    71522.460
475  mtMet+R4      34775.161    311 70172.323    73026.205    71397.716
476  mtMet+R5      34752.759    313 70131.518    73109.760    71364.791
477  mtMet+R6      34749.883    315 70129.765    73240.390    71370.919
482  mtMet+F       35440.981    324 71529.961    75359.052    72806.577
483  mtMet+F+I     35399.467    325 71448.935    75373.009    72729.490
484  mtMet+F+G4    33944.974    325 68539.947    72464.022    69820.503
485  mtMet+F+I+G4  33945.012    326 68542.024    72564.741    69826.520
486  mtMet+F+R2    34213.260    326 69078.520    73101.237    70363.015
487  mtMet+F+R3    33999.324    328 68654.648    72886.491    69947.024
488  mtMet+F+R4    33933.999    330 68527.999    72986.366    69828.255
489  mtMet+F+R5    33919.837    332 68503.674    73208.184    69811.811
490  mtMet+F+R6    33916.754    334 68501.509    73474.398    69817.526
495  mtVer         37020.649    305 74651.298    77173.730    75853.050
496  mtVer+I       36969.652    306 74551.304    77125.058    75756.997
497  mtVer+G4      35154.226    306 70920.453    73494.206    72126.145
498  mtVer+I+G4    35154.244    307 70922.488    73549.043    72132.120
499  mtVer+R2      35466.531    307 71547.062    74173.617    72756.694
500  mtVer+R3      35219.708    309 71057.416    73794.273    72274.928
501  mtVer+R4      35141.833    311 70905.666    73759.549    72131.060
502  mtVer+R5      35116.695    313 70859.389    73837.632    72092.663
503  mtVer+R6      35110.306    315 70850.611    73961.236    72091.765
504  mtVer+R7      35107.591    317 70849.183    74100.989    72098.217
508  mtVer+F       35757.541    324 72163.083    75992.174    73439.698
509  mtVer+F+I     35701.752    325 72053.504    75977.578    73334.060
510  mtVer+F+G4    34189.373    325 69028.747    72952.821    70309.302
511  mtVer+F+I+G4  34189.378    326 69030.756    73053.473    70315.252
512  mtVer+F+R2    34477.581    326 69607.161    73629.878    70891.657
513  mtVer+F+R3    34245.178    328 69146.356    73378.199    70438.732
514  mtVer+F+R4    34179.885    330 69019.770    73478.137    70320.026
515  mtVer+F+R5    34165.884    332 68995.768    73700.279    70303.905
516  mtVer+F+R6    34162.665    334 68993.329    73966.218    70309.347
521  mtInv         36520.540    305 73651.080    76173.512    74852.832
522  mtInv+I       36472.557    306 73557.114    76130.868    74762.807
523  mtInv+G4      34950.125    306 70512.250    73086.004    71717.943
524  mtInv+I+G4    34950.125    307 70514.250    73140.806    71723.883
525  mtInv+R2      35234.975    307 71083.950    73710.506    72293.583
526  mtInv+R3      34999.160    309 70616.319    73353.176    71833.832
527  mtInv+R4      34944.288    311 70510.576    73364.459    71735.970
528  mtInv+R5      34923.181    313 70472.362    73450.604    71705.635
529  mtInv+R6      34919.892    315 70469.784    73580.409    71710.938
534  mtInv+F       35284.224    324 71216.449    75045.539    72493.064
535  mtInv+F+I     35239.981    325 71129.961    75054.035    72410.517
536  mtInv+F+G4    33925.611    325 68501.223    72425.297    69781.778
537  mtInv+F+I+G4  33925.616    326 68503.233    72525.950    69787.729
538  mtInv+F+R2    34169.924    326 68991.847    73014.564    70276.343
539  mtInv+F+R3    33967.937    328 68591.875    72823.718    69884.251
540  mtInv+F+R4    33916.720    330 68493.440    72951.807    69793.696
541  mtInv+F+R5    33904.381    332 68472.762    73177.273    69780.899
542  mtInv+F+R6    33899.720    334 68467.440    73440.329    69783.458
Akaike Information Criterion:           JTT+F+R6
Corrected Akaike Information Criterion: JTT+G4
Bayesian Information Criterion:         JTT+F+G4
Best-fit model: JTT+F+G4 chosen according to BIC

All model information printed to /home/us001/projects/vaccinium_almt/results/p4_phylogeny/ALL_ALMT_iqtree.model.gz
CPU time for ModelFinder: 3193.666 seconds (0h:53m:13s)
Wall-clock time for ModelFinder: 204.774 seconds (0h:3m:24s)
Generating 1000 samples for ultrafast bootstrap (seed: 60023)...

NOTE: 39 MB RAM (0 GB) is required!
Estimate model parameters (epsilon = 0.100)
1. Initial log-likelihood: -33664.608
2. Current log-likelihood: -33651.802
3. Current log-likelihood: -33650.827
Optimal log-likelihood: -33650.790
Gamma shape alpha: 1.296
Parameters optimization took 3 rounds (0.270 sec)
Computing ML distances based on estimated model parameters... 8.008 sec
Computing BIONJ tree...
0.015 seconds
Log-likelihood of BIONJ tree: -33944.779
--------------------------------------------------------------------
|             INITIALIZING CANDIDATE TREE SET                      |
--------------------------------------------------------------------
Generating 98 parsimony trees... 4.088 second
Computing log-likelihood of 98 initial trees ... 7.404 seconds
Current best score: -33604.383

Do NNI search on 20 best initial trees
Estimate model parameters (epsilon = 0.100)
BETTER TREE FOUND at iteration 1: -33569.175
Estimate model parameters (epsilon = 0.100)
BETTER TREE FOUND at iteration 6: -33563.188
UPDATE BEST LOG-LIKELIHOOD: -33563.188
Iteration 10 / LogL: -33571.643 / Time: 0h:0m:19s
Iteration 20 / LogL: -33571.643 / Time: 0h:0m:26s
Finish initializing candidate tree set (10)
Current best tree score: -33563.188 / CPU time: 25.594
Number of iterations: 20
--------------------------------------------------------------------
|               OPTIMIZING CANDIDATE TREE SET                      |
--------------------------------------------------------------------
Estimate model parameters (epsilon = 0.100)
BETTER TREE FOUND at iteration 28: -33562.429
Estimate model parameters (epsilon = 0.100)
BETTER TREE FOUND at iteration 29: -33562.186
Iteration 30 / LogL: -33578.522 / Time: 0h:0m:36s (0h:2m:4s left)
Iteration 40 / LogL: -33562.187 / Time: 0h:0m:46s (0h:1m:45s left)
Iteration 50 / LogL: -33562.512 / Time: 0h:0m:55s (0h:1m:29s left)
Log-likelihood cutoff on original alignment: -33618.527
Iteration 60 / LogL: -33562.187 / Time: 0h:1m:5s (0h:1m:16s left)
Iteration 70 / LogL: -33562.265 / Time: 0h:1m:15s (0h:1m:4s left)
Iteration 80 / LogL: -33588.907 / Time: 0h:1m:25s (0h:0m:52s left)
Iteration 90 / LogL: -33562.266 / Time: 0h:1m:34s (0h:0m:41s left)
Iteration 100 / LogL: -33566.890 / Time: 0h:1m:44s (0h:0m:30s left)
Log-likelihood cutoff on original alignment: -33618.527
NOTE: Bootstrap correlation coefficient of split occurrence frequencies: 0.998
Iteration 110 / LogL: -33563.460 / Time: 0h:1m:55s (0h:1m:35s left)
Iteration 120 / LogL: -33567.617 / Time: 0h:2m:5s (0h:1m:24s left)
Iteration 130 / LogL: -33569.938 / Time: 0h:2m:14s (0h:1m:12s left)
TREE SEARCH COMPLETED AFTER 130 ITERATIONS / Time: 0h:2m:14s

--------------------------------------------------------------------
|                    FINALIZING TREE SEARCH                        |
--------------------------------------------------------------------
Performs final model parameters optimization
Estimate model parameters (epsilon = 0.010)
1. Initial log-likelihood: -33562.186
Optimal log-likelihood: -33562.186
Gamma shape alpha: 1.296
Parameters optimization took 1 rounds (0.057 sec)
BEST SCORE FOUND : -33562.186

Testing tree branches by SH-like aLRT with 1000 replicates...
0.231 sec.
Creating bootstrap support values...
Split supports printed to NEXUS file /home/us001/projects/vaccinium_almt/results/p4_phylogeny/ALL_ALMT_iqtree.splits.nex
Total tree length: 20.988

Total number of iterations: 130
CPU time used for tree search: 2023.476 sec (0h:33m:43s)
Wall-clock time used for tree search: 133.193 sec (0h:2m:13s)
Total CPU time used: 2046.999 sec (0h:34m:6s)
Total wall-clock time used: 134.878 sec (0h:2m:14s)

Computing bootstrap consensus tree...
Reading input file /home/us001/projects/vaccinium_almt/results/p4_phylogeny/ALL_ALMT_iqtree.splits.nex...
154 taxa and 511 splits.
Consensus tree written to /home/us001/projects/vaccinium_almt/results/p4_phylogeny/ALL_ALMT_iqtree.contree
Reading input trees file /home/us001/projects/vaccinium_almt/results/p4_phylogeny/ALL_ALMT_iqtree.contree
Log-likelihood of consensus tree: -33562.265

Analysis results written to: 
  IQ-TREE report:                /home/us001/projects/vaccinium_almt/results/p4_phylogeny/ALL_ALMT_iqtree.iqtree
  Maximum-likelihood tree:       /home/us001/projects/vaccinium_almt/results/p4_phylogeny/ALL_ALMT_iqtree.treefile
  Likelihood distances:          /home/us001/projects/vaccinium_almt/results/p4_phylogeny/ALL_ALMT_iqtree.mldist

Ultrafast bootstrap approximation results written to:
  Split support values:          /home/us001/projects/vaccinium_almt/results/p4_phylogeny/ALL_ALMT_iqtree.splits.nex
  Consensus tree:                /home/us001/projects/vaccinium_almt/results/p4_phylogeny/ALL_ALMT_iqtree.contree
  Screen log file:               /home/us001/projects/vaccinium_almt/results/p4_phylogeny/ALL_ALMT_iqtree.log

Date and Time: Mon May 11 16:40:59 2026
