CODONML (in paml version 4.10.5, March 2022)  OG0002701.codon.phy
Model: several dN/dS ratios for branches, 
Codon frequency model: F3x4
Site-class models:  PositiveSelection
ns =  32  ls = 627

Codon usage in sequences
--------------------------------------------------------------------------------------------------------------------------------------
Phe TTT  13  18  19  13   6  12 | Ser TCT   6   9   6   8   4   7 | Tyr TAT   9   8   5   9   7   5 | Cys TGT   3   5   4   1   7   7
    TTC  11  11  11  15  10  10 |     TCC   6  11   7   9  10   8 |     TAC   4   4   7   4   6   8 |     TGC   3   3   4   5   5   4
Leu TTA   6   5   6   3   6   6 |     TCA   9   8   9   8   8   8 | *** TAA   0   0   0   0   0   0 | *** TGA   0   0   0   0   0   0
    TTG  13  14  10  16   5  11 |     TCG   2   2   4   3   4   6 |     TAG   0   0   0   0   0   0 | Trp TGG   6   6   7   6   8   8
--------------------------------------------------------------------------------------------------------------------------------------
Leu CTT   7  10  10  12  12   9 | Pro CCT   6   6   7   5   3   2 | His CAT   5   7   9   6   5   8 | Arg CGT   2   3   3   2   2   3
    CTC  11  10   8   8   9  12 |     CCC   1   5   1   3   4   3 |     CAC   8   7   5   7   4   3 |     CGC   2   1   1   0   2   1
    CTA   7   9   8   9   8   9 |     CCA  11  10   8   9  10   6 | Gln CAA   3   9   6  10   6  12 |     CGA   2   1   2   3   1   2
    CTG   5   1   3   2   6   6 |     CCG   0   1   2   1   4   3 |     CAG   3   4   2   3   4   1 |     CGG   2   0   1   0   2   1
--------------------------------------------------------------------------------------------------------------------------------------
Ile ATT  10  16  10  15  13   7 | Thr ACT   8   5   9   5   3   5 | Asn AAT   9  10   8   9   9   7 | Ser AGT   6   7   5   5   4   6
    ATC   8  13  10  12  13  13 |     ACC   6   7   6   4   4   8 |     AAC   7   6   6   9   7   6 |     AGC   5   5   4   8   5   7
    ATA  16   8  12  11   6   7 |     ACA  13  10  17  12  14   9 | Lys AAA  21  22  20  24  17  15 | Arg AGA   8   9   6   8   8   7
Met ATG   9  13  10  10  13  11 |     ACG   2   3   1   2   2   2 |     AAG  20  18  20  18   8  15 |     AGG   1   3   3   2   7   8
--------------------------------------------------------------------------------------------------------------------------------------
Val GTT   8  12  11  10  14   5 | Ala GCT  14  12  10  13  17  18 | Asp GAT  11  14  10  19  10   5 | Gly GGT  13  11  15  17   8   3
    GTC  10   7   8   8   7   8 |     GCC   8   9   6   9  10  12 |     GAC   5   8   7   4   9  11 |     GGC   5   2   5   3   6   9
    GTA   4   5   4   6   5   7 |     GCA  20  16  19  14   9  12 | Glu GAA  28  18  25  23  14  12 |     GGA  11  11  10   8  11  15
    GTG  13  13  12  13  10  10 |     GCG   2   1   1   0   3   4 |     GAG  10   9  11   7  19  15 |     GGG   7   9   6   9   2   4
--------------------------------------------------------------------------------------------------------------------------------------

--------------------------------------------------------------------------------------------------------------------------------------
Phe TTT  12  13  14  15   9  12 | Ser TCT  11  11   9  11   4  10 | Tyr TAT   6   8   4   5   8   7 | Cys TGT   3   2   7   7   6   4
    TTC  12  10  12  12  15  12 |     TCC   8   7   8   9   3   3 |     TAC   7   2   7   7   8   6 |     TGC   2   3   2   2   2   4
Leu TTA   8   9   5   6   9  11 |     TCA  14  15  11  11   9  12 | *** TAA   0   0   0   0   0   0 | *** TGA   0   0   0   0   0   0
    TTG  13  10  11  13   9  10 |     TCG   9  11   7   7   5   5 |     TAG   0   0   0   0   0   0 | Trp TGG   5   4   4   5   4   5
--------------------------------------------------------------------------------------------------------------------------------------
Leu CTT  14  15  10  11  14   8 | Pro CCT   6   3   6   6   2   3 | His CAT  17  16  13  14   7  13 | Arg CGT   2   2   0   0   3   1
    CTC   4   6   8   8   8   6 |     CCC   0   1   1   1   2   0 |     CAC   2   3   4   4   6   2 |     CGC   0   0   0   0   2   0
    CTA   7   6   8   8   8  10 |     CCA   5   5   3   3   7   7 | Gln CAA  10  11   7   7  11  12 |     CGA   0   1   4   4   2   3
    CTG   1   2   7   7   2   4 |     CCG   3   4   3   3   4   5 |     CAG   4   1   2   2   2   5 |     CGG   1   3   2   2   4   2
--------------------------------------------------------------------------------------------------------------------------------------
Ile ATT  11  11  11  12  18  10 | Thr ACT   3   4   1   2   7  10 | Asn AAT   9  13  12  12   6   9 | Ser AGT   4   5   5   7   4   4
    ATC  10  12  11  11  14   8 |     ACC   4   3   5   5   3   7 |     AAC  10  12   8  10  11   9 |     AGC   4   3   5   5   7   7
    ATA  12   9   7   8   8   8 |     ACA   8  10   6   6  11  14 | Lys AAA  16  16  30  31  22  23 | Arg AGA  15  15  13  15   7   9
Met ATG  14  12   8   8   9  12 |     ACG   3   3   4   4   4   1 |     AAG  11  15  10  11  17  11 |     AGG   6   4   2   2   4   0
--------------------------------------------------------------------------------------------------------------------------------------
Val GTT  15  14  18  19  12  22 | Ala GCT  11  10   8   8  10  12 | Asp GAT  21  21  17  18  15  12 | Gly GGT   6   7   8   9   9  14
    GTC  11   8  12  12   9   7 |     GCC   6   6   9   9   7   7 |     GAC   9  12   8   8   5   5 |     GGC   1   3   6   6   5   3
    GTA   8  12   5   5   6   7 |     GCA  11  15  10  11  15  14 | Glu GAA  21  16  20  20  18  25 |     GGA  14  10   8   8  11  17
    GTG  11  13  12  12  11   6 |     GCG   3   2   6   6   6   3 |     GAG   9  12  11  11  15   5 |     GGG  10   9   5   5   9   6
--------------------------------------------------------------------------------------------------------------------------------------

--------------------------------------------------------------------------------------------------------------------------------------
Phe TTT  16  14  11  14  15  15 | Ser TCT   7  10  10  15   7  15 | Tyr TAT   8   4   5   6   6   2 | Cys TGT   7   6   9   5   4   2
    TTC   8  11  11   9   9  10 |     TCC   9   4   8   3   5   5 |     TAC   5   7   7   5   7   8 |     TGC   6   4   3   6   5   5
Leu TTA   4   8   6   6   8  11 |     TCA  13   6   6  14   7   9 | *** TAA   0   0   0   0   0   0 | *** TGA   0   0   0   0   0   0
    TTG   9  17  12  13  10  10 |     TCG   1   1   2   2   6   1 |     TAG   0   0   0   0   0   0 | Trp TGG   7   7   9   4   6   7
--------------------------------------------------------------------------------------------------------------------------------------
Leu CTT   6  12  14   8   4  14 | Pro CCT   4   3   2   4   2   2 | His CAT   8   7   6   8   9   8 | Arg CGT   3   1   2   1   2   2
    CTC  13   9   8   6  12   7 |     CCC   1   3   5   3   3   7 |     CAC   3   7   3   3   6   4 |     CGC   2   2   0   2   2   0
    CTA   5   9   6  11   8   7 |     CCA   9   4  10  11   8   6 | Gln CAA   6   9   4  10  10  14 |     CGA   3   2   1   3   1   4
    CTG   8   3   6   7   7   7 |     CCG   0   4   2   1   3   0 |     CAG   5   3   3   3   9   2 |     CGG   0   2   2   1   3   3
--------------------------------------------------------------------------------------------------------------------------------------
Ile ATT  12  16  11  15  11  14 | Thr ACT   4  10  10   9   7  13 | Asn AAT   8  11  11  11  13   8 | Ser AGT   3   9   5   4   8   4
    ATC  14   3   4   5   9   6 |     ACC   2   4   8   3   4   6 |     AAC   6   6   3   5  11   9 |     AGC   5   3   8   4   6   3
    ATA   8   9  12  16   9   9 |     ACA  14  12  10   8  11   9 | Lys AAA  25  23  19  18  12  19 | Arg AGA  11   7   9  10   7   5
Met ATG   9   7  10   7  12  10 |     ACG   2   0   1   1   1   0 |     AAG   6   9  10  14  12  15 |     AGG   5   1   6   4   8   1
--------------------------------------------------------------------------------------------------------------------------------------
Val GTT   8  14  14  14  17  14 | Ala GCT  22  17  19  22  13  11 | Asp GAT  12  10  16   8   8  10 | Gly GGT   8  10   8   6  10   9
    GTC  14   7   5   3   6  10 |     GCC   4   4   7   3  10   8 |     GAC   9   5   6   1   4   7 |     GGC   4   5   7   2   6   6
    GTA   9  10  10  11   4   7 |     GCA  14  11  12  14  17  19 | Glu GAA  21  19  20  26  20  18 |     GGA  12   9  11  19  17  10
    GTG   6   9   6   9  12   5 |     GCG   0   3   2   1   4   2 |     GAG  10  11  10  11   8  14 |     GGG   3   5   4   8   3   6
--------------------------------------------------------------------------------------------------------------------------------------

--------------------------------------------------------------------------------------------------------------------------------------
Phe TTT  16  15  13  14  10  10 | Ser TCT  12   8   5   7   6   3 | Tyr TAT   5   7   6   4   2   4 | Cys TGT   5   3   5   3   5   4
    TTC  11  11  11  10  15  15 |     TCC   4   6   5   7  12  13 |     TAC   5   8   4   6  10   9 |     TGC   6   5   2   4   3   4
Leu TTA   7   4   7   9  10  11 |     TCA  11  11   9  10   5   8 | *** TAA   0   0   0   0   0   0 | *** TGA   0   0   0   0   0   0
    TTG   9   8  14  12  11  13 |     TCG   4   4   2   1   4   5 |     TAG   0   0   0   0   0   0 | Trp TGG   5   5   6   6   5   5
--------------------------------------------------------------------------------------------------------------------------------------
Leu CTT   7   6  11  12  12  14 | Pro CCT   5   3   4   3   4   5 | His CAT   7   8   5   7   6   8 | Arg CGT   2   3   1   0   1   0
    CTC   5  13   7   7   6   6 |     CCC   3   0   2   1   1   2 |     CAC   7   6   6   6   4   4 |     CGC   2   3   1   2   1   2
    CTA  11  12  10   9   5   6 |     CCA  11   6  16  14   6   5 | Gln CAA   6  11   8   7   9   9 |     CGA   3   3   0   0   2   3
    CTG   5   8   5   5   4   4 |     CCG   1   3   0   0   1   3 |     CAG   4   7   5   5   5   6 |     CGG   1   2   3   3   0   0
--------------------------------------------------------------------------------------------------------------------------------------
Ile ATT  15  11  13  16  14  13 | Thr ACT   8   7   7  10   5   5 | Asn AAT   9   9   9   8   5   4 | Ser AGT   6   7   6   6   5   6
    ATC   6  10  10   9   8   9 |     ACC   4   3   8   7   6   8 |     AAC   8  13   7   5   8  11 |     AGC   4   6   5   5   4   3
    ATA  16   7  14  15   7   7 |     ACA   8   9   9   7   9  10 | Lys AAA  19  13  20  22  18  17 | Arg AGA   8   7   6   7  11  12
Met ATG  10  11   8   6   8  10 |     ACG   2   1   1   0   3   2 |     AAG   9  14  17  16  12  13 |     AGG   4   9   4   5   2   2
--------------------------------------------------------------------------------------------------------------------------------------
Val GTT  13  17  11   9  17  18 | Ala GCT  20  13  16  15   9  10 | Asp GAT  10  10   8   7  10  15 | Gly GGT   5   9  16  15   8  13
    GTC   3   4   8   8   8   9 |     GCC   3   9   8   6   8   8 |     GAC   2   4   5   6   6   6 |     GGC   6   6   2   4  10   7
    GTA  11   6  14  13   7  11 |     GCA  14  17  17  21  13  12 | Glu GAA  22  17  23  24  16  17 |     GGA  15  15  15  13  12  15
    GTG   9  14  10  12   7   6 |     GCG   3   7   3   4   1   2 |     GAG  11   8  13  12   9  12 |     GGG   9   3   7   7   9   8
--------------------------------------------------------------------------------------------------------------------------------------

--------------------------------------------------------------------------------------------------------------------------------------
Phe TTT   9  10  11   9  11  14 | Ser TCT   6   6   6   5   9  11 | Tyr TAT   4   4   4   5   4   8 | Cys TGT   4   4   3   3   4   5
    TTC  16  16  14  17   9  12 |     TCC   8   8   8   9   3   6 |     TAC  10  10  10   9   8   6 |     TGC   4   4   4   5   6   4
Leu TTA   5   6   6   6  15   5 |     TCA   8   8  10   9  11   7 | *** TAA   0   0   0   0   0   0 | *** TGA   0   0   0   0   0   0
    TTG  13  14  10  11  11  15 |     TCG   5   5   5   6   4   5 |     TAG   0   0   0   0   0   0 | Trp TGG   6   6   5   6   6   6
--------------------------------------------------------------------------------------------------------------------------------------
Leu CTT  11  12  11  13  10  14 | Pro CCT   5   5   5   5   3   6 | His CAT   9   9   8   9   6  11 | Arg CGT   1   2   2   3   3   4
    CTC   9   8   8   7  10   6 |     CCC   2   2   3   2   4   5 |     CAC   6   6   5   5   4   3 |     CGC   1   1   1   1   3   0
    CTA   5   4   6   4   7   8 |     CCA   7   6   6   6  10   7 | Gln CAA  12  12  11  14   6  14 |     CGA   2   2   2   2   5   1
    CTG   4   3   3   4   5   4 |     CCG   2   3   3   2   0   1 |     CAG   6   6   6   6   5   8 |     CGG   2   1   1   1   2   2
--------------------------------------------------------------------------------------------------------------------------------------
Ile ATT  13  13  13  14  14  14 | Thr ACT   8   7   7   6   9   8 | Asn AAT   8   5   5   7   6   4 | Ser AGT   4   4   5   4   8   4
    ATC  14  13  11  11   4   8 |     ACC   3   4   3   4   7   4 |     AAC   9  10  10   9   5   8 |     AGC   6   7   6   6   5   4
    ATA   8  10   9  13   9   6 |     ACA  13  12   8  13  10  10 | Lys AAA  20  19  16  19  20  23 | Arg AGA  10  10   8  10   5   7
Met ATG   9   9   9  11   9  11 |     ACG   1   1   3   1   2   6 |     AAG  13  13  14  14  13  12 |     AGG   0   0   0   1   4  10
--------------------------------------------------------------------------------------------------------------------------------------
Val GTT  16  16  17  17  13   9 | Ala GCT  11  11  11  10  15  16 | Asp GAT  10  11  10  12   9  13 | Gly GGT  11  11  12  12  14  10
    GTC   8   9   8   9   7   6 |     GCC  12   9  10  11   8  10 |     GAC   7   7   6   7   7   4 |     GGC   4   4   5   4   5   7
    GTA  10  10  11   7  10  13 |     GCA  14  16  13  16  15  12 | Glu GAA  17  15  13  17  24  15 |     GGA  12  14  13  13  12   8
    GTG   8   8   9   6   8  16 |     GCG   2   2   3   2   4   3 |     GAG  12  12  11  10   8  11 |     GGG  13  13  11  12   6  12
--------------------------------------------------------------------------------------------------------------------------------------

----------------------------------------------------------------------
Phe TTT  13  12 | Ser TCT   8   3 | Tyr TAT   7   6 | Cys TGT   1   4
    TTC  10  14 |     TCC  10   9 |     TAC   7   6 |     TGC   5   4
Leu TTA   4   5 |     TCA  11  12 | *** TAA   0   0 | *** TGA   0   0
    TTG  18   4 |     TCG   2   6 |     TAG   0   0 | Trp TGG   7   5
----------------------------------------------------------------------
Leu CTT  13  11 | Pro CCT   7   4 | His CAT  13   8 | Arg CGT   4   2
    CTC   6   7 |     CCC  11   3 |     CAC   2   3 |     CGC   2   2
    CTA   8   6 |     CCA   6  10 | Gln CAA  13  12 |     CGA   1   2
    CTG   5  10 |     CCG   0   2 |     CAG   5   3 |     CGG   3   1
----------------------------------------------------------------------
Ile ATT  15  16 | Thr ACT   8   3 | Asn AAT   5   8 | Ser AGT   6   7
    ATC  10   8 |     ACC   3   9 |     AAC   6   6 |     AGC   4   6
    ATA   4  11 |     ACA  12  10 | Lys AAA  19  16 | Arg AGA   6   6
Met ATG   9  11 |     ACG   4   1 |     AAG  12  15 |     AGG   8   2
----------------------------------------------------------------------
Val GTT  11  11 | Ala GCT  20  19 | Asp GAT  13  11 | Gly GGT  11   6
    GTC   6  11 |     GCC  10  11 |     GAC   5  10 |     GGC   8   7
    GTA  11   7 |     GCA  10  15 | Glu GAA  20  26 |     GGA   9  13
    GTG  11   8 |     GCG   5   2 |     GAG  17  11 |     GGG   6   6
----------------------------------------------------------------------

Codon position x base (3x4) table for each sequence.

#1: Aer1           
position  1:    T:0.18802    C:0.15496    A:0.30785    G:0.34917
position  2:    T:0.31198    C:0.23554    A:0.29545    G:0.15702
position  3:    T:0.26860    C:0.20661    A:0.32851    G:0.19628
Average         T:0.25620    C:0.19904    A:0.31061    G:0.23416

#2: Aer2           
position  1:    T:0.20800    C:0.16800    A:0.31000    G:0.31400
position  2:    T:0.33000    C:0.23000    A:0.28800    G:0.15200
position  3:    T:0.30600    C:0.21800    A:0.28200    G:0.19400
Average         T:0.28133    C:0.20533    A:0.29333    G:0.22000

#3: Aer3           
position  1:    T:0.20539    C:0.15768    A:0.30498    G:0.33195
position  2:    T:0.31535    C:0.23444    A:0.29253    G:0.15768
position  3:    T:0.29253    C:0.19917    A:0.31535    G:0.19295
Average         T:0.27109    C:0.19710    A:0.30429    G:0.22752

#4: Aer4           
position  1:    T:0.20121    C:0.16097    A:0.30986    G:0.32797
position  2:    T:0.32797    C:0.21127    A:0.30584    G:0.15493
position  3:    T:0.29980    C:0.21730    A:0.29779    G:0.18511
Average         T:0.27632    C:0.19651    A:0.30449    G:0.22267

#5: Aer5           
position  1:    T:0.18901    C:0.18022    A:0.29231    G:0.33846
position  2:    T:0.31429    C:0.23956    A:0.27473    G:0.17143
position  3:    T:0.27253    C:0.24396    A:0.27033    G:0.21319
Average         T:0.25861    C:0.22125    A:0.27912    G:0.24103

#6: Aer6           
position  1:    T:0.21552    C:0.17457    A:0.28664    G:0.32328
position  2:    T:0.30819    C:0.24353    A:0.26509    G:0.18319
position  3:    T:0.23491    C:0.26509    A:0.27371    G:0.22629
Average         T:0.25287    C:0.22773    A:0.27514    G:0.24425

#7: Ath1           
position  1:    T:0.22312    C:0.15416    A:0.28398    G:0.33874
position  2:    T:0.33063    C:0.21298    A:0.30832    G:0.14807
position  3:    T:0.30629    C:0.18256    A:0.30223    G:0.20892
Average         T:0.28668    C:0.18323    A:0.29817    G:0.23191

#8: Ath2           
position  1:    T:0.20958    C:0.15768    A:0.29341    G:0.33932
position  2:    T:0.32335    C:0.21956    A:0.31537    G:0.14172
position  3:    T:0.30938    C:0.18164    A:0.29940    G:0.20958
Average         T:0.28077    C:0.18629    A:0.30273    G:0.23021

#9: Ath3           
position  1:    T:0.21042    C:0.16250    A:0.28750    G:0.33958
position  2:    T:0.33125    C:0.20208    A:0.31875    G:0.14792
position  3:    T:0.29792    C:0.22083    A:0.28542    G:0.19583
Average         T:0.27986    C:0.19514    A:0.29722    G:0.22778

#10: Ath4           
position  1:    T:0.21739    C:0.15810    A:0.29447    G:0.33004
position  2:    T:0.33004    C:0.20158    A:0.31621    G:0.15217
position  3:    T:0.30830    C:0.21542    A:0.28261    G:0.19368
Average         T:0.28524    C:0.19170    A:0.29776    G:0.22530

#11: Ath5           
position  1:    T:0.18571    C:0.17143    A:0.31020    G:0.33265
position  2:    T:0.32857    C:0.20204    A:0.30816    G:0.16122
position  3:    T:0.27347    C:0.21837    A:0.29388    G:0.21429
Average         T:0.26259    C:0.19728    A:0.30408    G:0.23605

#12: Csin1          
position  1:    T:0.20654    C:0.16564    A:0.29039    G:0.33742
position  2:    T:0.31288    C:0.23108    A:0.29448    G:0.16155
position  3:    T:0.30879    C:0.17587    A:0.35174    G:0.16360
Average         T:0.27607    C:0.19087    A:0.31220    G:0.22086

#13: Csin2          
position  1:    T:0.21459    C:0.16309    A:0.28755    G:0.33476
position  2:    T:0.31974    C:0.22747    A:0.28326    G:0.16953
position  3:    T:0.29185    C:0.22532    A:0.33047    G:0.15236
Average         T:0.27539    C:0.20529    A:0.30043    G:0.21888

#14: Csin3          
position  1:    T:0.21616    C:0.17467    A:0.28384    G:0.32533
position  2:    T:0.34498    C:0.20961    A:0.28603    G:0.15939
position  3:    T:0.33624    C:0.18341    A:0.30131    G:0.17904
Average         T:0.29913    C:0.18923    A:0.29039    G:0.22125

#15: Csin4          
position  1:    T:0.21199    C:0.15846    A:0.29336    G:0.33619
position  2:    T:0.31263    C:0.24411    A:0.26338    G:0.17987
position  3:    T:0.32762    C:0.19914    A:0.29122    G:0.18201
Average         T:0.28408    C:0.20057    A:0.28266    G:0.23269

#16: Mdo1           
position  1:    T:0.21429    C:0.17227    A:0.28151    G:0.33193
position  2:    T:0.32353    C:0.23950    A:0.27101    G:0.16597
position  3:    T:0.31513    C:0.13235    A:0.37185    G:0.18067
Average         T:0.28431    C:0.18137    A:0.30812    G:0.22619

#17: Mdo2           
position  1:    T:0.19628    C:0.18388    A:0.29132    G:0.32851
position  2:    T:0.31612    C:0.22314    A:0.27893    G:0.18182
position  3:    T:0.28099    C:0.21694    A:0.28719    G:0.21488
Average         T:0.26446    C:0.20799    A:0.28581    G:0.24174

#18: Mdo3           
position  1:    T:0.21097    C:0.18354    A:0.27637    G:0.32911
position  2:    T:0.32911    C:0.23840    A:0.29114    G:0.14135
position  3:    T:0.30169    C:0.21308    A:0.31013    G:0.17511
Average         T:0.28059    C:0.21167    A:0.29255    G:0.21519

#19: Mdo4           
position  1:    T:0.21186    C:0.16949    A:0.28814    G:0.33051
position  2:    T:0.32627    C:0.23941    A:0.26271    G:0.17161
position  3:    T:0.30720    C:0.16737    A:0.34322    G:0.18220
Average         T:0.28178    C:0.19209    A:0.29802    G:0.22811

#20: Mdo5           
position  1:    T:0.19588    C:0.19381    A:0.28247    G:0.32784
position  2:    T:0.32371    C:0.22062    A:0.27835    G:0.17732
position  3:    T:0.28041    C:0.22062    A:0.28454    G:0.21443
Average         T:0.26667    C:0.21168    A:0.28179    G:0.23986

#21: Mdo6           
position  1:    T:0.18053    C:0.17039    A:0.29209    G:0.35700
position  2:    T:0.33671    C:0.22718    A:0.27586    G:0.16024
position  3:    T:0.27586    C:0.18458    A:0.34077    G:0.19878
Average         T:0.26437    C:0.19405    A:0.30291    G:0.23867

#22: Mdo7           
position  1:    T:0.18826    C:0.16397    A:0.29150    G:0.35628
position  2:    T:0.33603    C:0.22874    A:0.27328    G:0.16194
position  3:    T:0.27530    C:0.18826    A:0.34615    G:0.19028
Average         T:0.26653    C:0.19366    A:0.30364    G:0.23617

#23: Rsim1          
position  1:    T:0.22273    C:0.15227    A:0.28409    G:0.34091
position  2:    T:0.33864    C:0.21136    A:0.27273    G:0.17727
position  3:    T:0.27045    C:0.25000    A:0.29545    G:0.18409
Average         T:0.27727    C:0.20455    A:0.28409    G:0.23409

#24: Rsim2          
position  1:    T:0.21577    C:0.15975    A:0.27386    G:0.35062
position  2:    T:0.33610    C:0.20954    A:0.28008    G:0.17427
position  3:    T:0.27386    C:0.24066    A:0.29668    G:0.18880
Average         T:0.27524    C:0.20332    A:0.28354    G:0.23790

#25: Vcor1          
position  1:    T:0.20082    C:0.17213    A:0.28484    G:0.34221
position  2:    T:0.32377    C:0.21926    A:0.29303    G:0.16393
position  3:    T:0.26639    C:0.24385    A:0.29303    G:0.19672
Average         T:0.26366    C:0.21175    A:0.29030    G:0.23429

#26: Vdar1          
position  1:    T:0.20697    C:0.16803    A:0.28074    G:0.34426
position  2:    T:0.32992    C:0.21516    A:0.28484    G:0.17008
position  3:    T:0.26639    C:0.24180    A:0.29508    G:0.19672
Average         T:0.26776    C:0.20833    A:0.28689    G:0.23702

#27: Vduc1          
position  1:    T:0.20557    C:0.17345    A:0.27195    G:0.34904
position  2:    T:0.33405    C:0.22270    A:0.27623    G:0.16702
position  3:    T:0.27837    C:0.23983    A:0.28266    G:0.19914
Average         T:0.27266    C:0.21199    A:0.27695    G:0.23840

#28: Vmac1          
position  1:    T:0.20325    C:0.17073    A:0.29065    G:0.33537
position  2:    T:0.32317    C:0.21748    A:0.29065    G:0.16870
position  3:    T:0.27236    C:0.23577    A:0.30285    G:0.18902
Average         T:0.26626    C:0.20799    A:0.29472    G:0.23103

#29: Vvin1          
position  1:    T:0.21086    C:0.17328    A:0.27140    G:0.34447
position  2:    T:0.31733    C:0.23800    A:0.26096    G:0.18372
position  3:    T:0.28810    C:0.19833    A:0.33194    G:0.18163
Average         T:0.27209    C:0.20320    A:0.28810    G:0.23660

#30: Vvin2          
position  1:    T:0.20717    C:0.18725    A:0.27689    G:0.32869
position  2:    T:0.32072    C:0.23307    A:0.27888    G:0.16733
position  3:    T:0.30080    C:0.18526    A:0.27092    G:0.24303
Average         T:0.27623    C:0.20186    A:0.27556    G:0.24635

#31: Vvin3          
position  1:    T:0.20356    C:0.19565    A:0.25889    G:0.34190
position  2:    T:0.30435    C:0.25099    A:0.28458    G:0.16008
position  3:    T:0.30632    C:0.20751    A:0.26482    G:0.22134
Average         T:0.27141    C:0.21805    A:0.26943    G:0.24111

#32: Vvin4          
position  1:    T:0.18557    C:0.17732    A:0.27835    G:0.35876
position  2:    T:0.31340    C:0.24536    A:0.29072    G:0.15052
position  3:    T:0.27010    C:0.23918    A:0.31134    G:0.17938
Average         T:0.25636    C:0.22062    A:0.29347    G:0.22955

Sums of codon usage counts
------------------------------------------------------------------------------
Phe F TTT     408 | Ser S TCT     255 | Tyr Y TAT     182 | Cys C TGT     142
      TTC     380 |       TCC     231 |       TAC     217 |       TGC     128
Leu L TTA     223 |       TCA     307 | *** * TAA       0 | *** * TGA       0
      TTG     369 |       TCG     136 |       TAG       0 | Trp W TGG     187
------------------------------------------------------------------------------
Leu L CTT     347 | Pro P CCT     136 | His H CAT     280 | Arg R CGT      62
      CTC     258 |       CCC      85 |       CAC     148 |       CGC      39
      CTA     244 |       CCA     248 | Gln Q CAA     301 |       CGA      67
      CTG     153 |       CCG      64 |       CAG     135 |       CGG      53
------------------------------------------------------------------------------
Ile I ATT     417 | Thr T ACT     213 | Asn N AAT     267 | Ser S AGT     173
      ATC     307 |       ACC     162 |       AAC     256 |       AGC     165
      ATA     311 |       ACA     334 | Lys K AAA     634 | Arg R AGA     282
Met M ATG     315 |       ACG      64 |       AAG     427 |       AGG     118
------------------------------------------------------------------------------
Val V GTT     436 | Ala A GCT     443 | Asp D GAT     386 | Gly G GGT     324
      GTC     256 |       GCC     257 |       GAC     205 |       GGC     163
      GTA     266 |       GCA     458 | Glu E GAA     630 |       GGA     391
      GTG     315 |       GCG      92 |       GAG     355 |       GGG     232
------------------------------------------------------------------------------

(Ambiguity data are not used in the counts.)


Codon position x base (3x4) table, overall

position  1:    T:0.20500    C:0.16970    A:0.28791    G:0.33739
position  2:    T:0.32418    C:0.22573    A:0.28648    G:0.16361
position  3:    T:0.28959    C:0.21096    A:0.30416    G:0.19528
Average         T:0.27292    C:0.20213    A:0.29285    G:0.23210


Nei & Gojobori 1986. dN/dS (dN, dS)
(Pairwise deletion)
(Note: This matrix is not used in later ML. analysis.
Use runmode = -2 for ML pairwise comparison.)

Aer1                
Aer2                 0.2948 (0.2180 0.7394)
Aer3                 0.3220 (0.0839 0.2604) 0.2929 (0.2112 0.7209)
Aer4                 0.3110 (0.2102 0.6758) 0.4628 (0.0759 0.1641) 0.2757 (0.1932 0.7006)
Aer5                 0.2200 (0.3840 1.7452) 0.3098 (0.4041 1.3043) 0.2500 (0.3836 1.5345) 0.3039 (0.4037 1.3285)
Aer6                 0.1904 (0.3497 1.8370) 0.1561 (0.3716 2.3802) 0.2078 (0.3594 1.7297) 0.1430 (0.3693 2.5827) 0.2744 (0.2371 0.8641)
Ath1                 0.2521 (0.4572 1.8139) 0.2231 (0.4497 2.0155) 0.2616 (0.4790 1.8311) 0.2445 (0.4550 1.8612) 0.1987 (0.4199 2.1137) 0.2171 (0.4162 1.9167)
Ath2                 0.1913 (0.4159 2.1747) 0.2426 (0.4230 1.7433) 0.1955 (0.4361 2.2310) 0.2507 (0.4253 1.6966) 0.1631 (0.3689 2.2624) 0.2181 (0.3754 1.7216) 0.3991 (0.1152 0.2887)
Ath3                 0.1738 (0.4330 2.4911) 0.1980 (0.4302 2.1734) 0.1483 (0.4558 3.0733) 0.1832 (0.4253 2.3219) 0.0948 (0.4074 4.2991) 0.1637 (0.3938 2.4055) 0.2275 (0.2102 0.9236) 0.2060 (0.1657 0.8042)
Ath4                 0.1738 (0.4330 2.4911) 0.1980 (0.4302 2.1734) 0.1483 (0.4558 3.0733) 0.1832 (0.4253 2.3219) 0.0948 (0.4074 4.2991) 0.1637 (0.3938 2.4055) 0.2275 (0.2102 0.9236) 0.2060 (0.1657 0.8042)-1.0000 (0.0000 0.0000)
Ath5                 0.2233 (0.3849 1.7238) 0.2155 (0.3578 1.6602) 0.2265 (0.3785 1.6707) 0.1877 (0.3621 1.9290) 0.2408 (0.4571 1.8984) 0.2784 (0.4231 1.5197) 0.2076 (0.5307 2.5563) 0.1680 (0.4880 2.9050) 0.1870 (0.5022 2.6853) 0.1870 (0.5022 2.6853)
Csin1                0.3181 (0.2160 0.6790) 0.3525 (0.2105 0.5970) 0.3096 (0.2093 0.6760) 0.3056 (0.1908 0.6244) 0.2687 (0.3958 1.4728) 0.1977 (0.3591 1.8167) 0.2766 (0.4646 1.6796) 0.2161 (0.4133 1.9128) 0.1810 (0.4630 2.5583) 0.1810 (0.4630 2.5583) 0.2061 (0.3754 1.8213)
Csin2                0.2769 (0.3866 1.3961) 0.3104 (0.4121 1.3277) 0.3142 (0.3894 1.2393) 0.3376 (0.4163 1.2331) 0.2593 (0.1827 0.7043) 0.2317 (0.2270 0.9801) 0.2994 (0.4481 1.4966) 0.2633 (0.4064 1.5433) 0.2106 (0.4310 2.0469) 0.2106 (0.4310 2.0469) 0.2994 (0.4487 1.4987) 0.3569 (0.4042 1.1325)
Csin3                0.2388 (0.3404 1.4259) 0.2283 (0.3295 1.4432) 0.2399 (0.3195 1.3315) 0.2535 (0.3255 1.2837) 0.2341 (0.3033 1.2955) 0.1574 (0.2688 1.7081) 0.1652 (0.3901 2.3618) 0.1655 (0.3412 2.0612) 0.1113 (0.3478 3.1245) 0.1113 (0.3478 3.1245) 0.2544 (0.4057 1.5945) 0.2932 (0.3355 1.1443) 0.2486 (0.3291 1.3236)
Csin4                0.2319 (0.3505 1.5115) 0.2792 (0.3891 1.3936) 0.2533 (0.3472 1.3705) 0.2608 (0.3784 1.4509) 0.2746 (0.2368 0.8626) 0.2045 (0.1558 0.7618) 0.1963 (0.4129 2.1030) 0.1874 (0.3647 1.9454) 0.0896 (0.3911 4.3658) 0.0896 (0.3911 4.3658) 0.2210 (0.4360 1.9733) 0.2969 (0.3753 1.2644) 0.2930 (0.2510 0.8565) 0.2230 (0.2936 1.3165)
Mdo1                 0.2368 (0.4067 1.7178) 0.2633 (0.4288 1.6287) 0.2889 (0.4260 1.4742) 0.2729 (0.4260 1.5612) 0.3026 (0.3588 1.1858) 0.2108 (0.3306 1.5681) 0.2684 (0.4947 1.8429) 0.2783 (0.4574 1.6436) 0.1759 (0.4774 2.7147) 0.1759 (0.4774 2.7147) 0.2563 (0.4711 1.8383) 0.3165 (0.4024 1.2715) 0.3311 (0.3700 1.1176) 0.3198 (0.3675 1.1490) 0.3323 (0.3644 1.0966)
Mdo2                 0.1948 (0.4123 2.1161) 0.2412 (0.4248 1.7612) 0.2961 (0.4225 1.4269) 0.2584 (0.4362 1.6885) 0.2615 (0.3345 1.2792) 0.2148 (0.2778 1.2935) 0.2784 (0.4665 1.6755) 0.2157 (0.4136 1.9180) 0.1723 (0.4154 2.4110) 0.1723 (0.4154 2.4110) 0.2068 (0.4816 2.3286) 0.2003 (0.3757 1.8760) 0.3208 (0.3674 1.1450) 0.1685 (0.3182 1.8888) 0.2568 (0.3227 1.2565) 0.2585 (0.3548 1.3724)
Mdo3                 0.2224 (0.3551 1.5967) 0.2463 (0.3624 1.4715) 0.2565 (0.3423 1.3345) 0.2800 (0.3679 1.3139) 0.2942 (0.3364 1.1433) 0.1938 (0.2867 1.4792) 0.2287 (0.4022 1.7590) 0.1800 (0.3452 1.9172) 0.1544 (0.3505 2.2697) 0.1544 (0.3505 2.2697) 0.2190 (0.4383 2.0016) 0.2518 (0.3582 1.4227) 0.3128 (0.3541 1.1323) 0.3086 (0.2657 0.8608) 0.2448 (0.3045 1.2440) 0.3046 (0.3529 1.1586) 0.2383 (0.3622 1.5204)
Mdo4                 0.2041 (0.4153 2.0348) 0.2367 (0.4300 1.8167) 0.2532 (0.4293 1.6955) 0.2808 (0.4313 1.5359) 0.3051 (0.3668 1.2022) 0.1938 (0.3308 1.7065) 0.2279 (0.4978 2.1842) 0.2432 (0.4503 1.8516) 0.1258 (0.4726 3.7564) 0.1258 (0.4726 3.7564) 0.2160 (0.4597 2.1285) 0.2814 (0.4156 1.4768) 0.3324 (0.3784 1.1383) 0.3058 (0.3609 1.1800) 0.3321 (0.3641 1.0962) 0.3552 (0.0628 0.1769) 0.2522 (0.3579 1.4192) 0.2843 (0.3523 1.2394)
Mdo5                 0.2288 (0.4243 1.8543) 0.2684 (0.4317 1.6084) 0.3042 (0.4344 1.4278) 0.2763 (0.4393 1.5898) 0.2930 (0.3577 1.2209) 0.1808 (0.2941 1.6269) 0.2357 (0.4917 2.0858) 0.1723 (0.4472 2.5948) 0.1763 (0.4485 2.5438) 0.1763 (0.4485 2.5438) 0.2378 (0.4936 2.0760) 0.2225 (0.3864 1.7364) 0.3191 (0.3897 1.2214) 0.1795 (0.3404 1.8956) 0.2808 (0.3391 1.2077) 0.2654 (0.3683 1.3877) 0.3635 (0.0756 0.2079) 0.2619 (0.3853 1.4711) 0.2618 (0.3687 1.4080)
Mdo6                 0.2383 (0.2946 1.2363) 0.2734 (0.2938 1.0746) 0.2068 (0.3005 1.4533) 0.2880 (0.3059 1.0623) 0.2508 (0.3926 1.5655) 0.1336 (0.3408 2.5515) 0.2841 (0.4725 1.6632) 0.2976 (0.4422 1.4860) 0.1854 (0.4524 2.4405) 0.1854 (0.4524 2.4405) 0.1902 (0.3487 1.8330) 0.2421 (0.3182 1.3142) 0.2656 (0.3991 1.5026) 0.2462 (0.3400 1.3810) 0.2188 (0.3719 1.6994) 0.2947 (0.4027 1.3664) 0.2187 (0.4254 1.9456) 0.2275 (0.3530 1.5514) 0.2678 (0.3954 1.4766) 0.2672 (0.4406 1.6489)
Mdo7                 0.2340 (0.2991 1.2779) 0.3086 (0.3101 1.0047) 0.2180 (0.3005 1.3782) 0.3222 (0.3265 1.0133) 0.2537 (0.3924 1.5468) 0.1371 (0.3518 2.5667) 0.2756 (0.4841 1.7564) 0.3032 (0.4544 1.4987) 0.1956 (0.4669 2.3869) 0.1956 (0.4669 2.3869) 0.1745 (0.3470 1.9882) 0.2441 (0.3195 1.3091) 0.3014 (0.4044 1.3419) 0.2341 (0.3350 1.4309) 0.2455 (0.3813 1.5532) 0.3150 (0.4127 1.3101) 0.2059 (0.4411 2.1417) 0.2460 (0.3675 1.4937) 0.2909 (0.4077 1.4016) 0.2670 (0.4585 1.7170) 0.3843 (0.0494 0.1285)
Rsim1                0.2993 (0.2329 0.7781) 0.3152 (0.2121 0.6730) 0.3065 (0.2272 0.7415) 0.3323 (0.2015 0.6064) 0.2434 (0.4082 1.6771) 0.1764 (0.3608 2.0451) 0.2088 (0.4250 2.0354) 0.1964 (0.3791 1.9304) 0.1324 (0.3892 2.9394) 0.1324 (0.3892 2.9394) 0.1948 (0.3635 1.8659) 0.2534 (0.1925 0.7595) 0.3211 (0.4062 1.2650) 0.1972 (0.3116 1.5803) 0.2426 (0.3771 1.5546) 0.2692 (0.4073 1.5129) 0.1924 (0.3728 1.9382) 0.2275 (0.3403 1.4955) 0.2417 (0.4142 1.7136) 0.1865 (0.3839 2.0585) 0.2324 (0.3130 1.3469) 0.2545 (0.3186 1.2516)
Rsim2                0.2990 (0.2363 0.7901) 0.3480 (0.2233 0.6417) 0.3042 (0.2327 0.7648) 0.3407 (0.2098 0.6157) 0.2644 (0.4221 1.5967) 0.1926 (0.3794 1.9699) 0.2807 (0.4642 1.6539) 0.2513 (0.4119 1.6391) 0.1323 (0.4303 3.2525) 0.1323 (0.4303 3.2525) 0.2143 (0.3754 1.7517) 0.2594 (0.1898 0.7316) 0.3126 (0.4383 1.4018) 0.2171 (0.3304 1.5213) 0.2564 (0.3959 1.5441) 0.2800 (0.4450 1.5892) 0.2235 (0.4118 1.8424) 0.2602 (0.3786 1.4549) 0.2730 (0.4500 1.6486) 0.2033 (0.4276 2.1029) 0.2212 (0.3288 1.4866) 0.2422 (0.3351 1.3835) 0.3439 (0.0263 0.0766)
Vcor1                0.2852 (0.2336 0.8191) 0.2707 (0.1938 0.7158) 0.2947 (0.2249 0.7630) 0.2848 (0.1830 0.6428) 0.2332 (0.3949 1.6933) 0.2001 (0.3695 1.8461) 0.2625 (0.4767 1.8161) 0.2193 (0.4215 1.9224) 0.1486 (0.4428 2.9789) 0.1486 (0.4428 2.9789) 0.1943 (0.3758 1.9343) 0.2476 (0.1814 0.7328) 0.2621 (0.4235 1.6155) 0.2426 (0.3345 1.3789) 0.2714 (0.3784 1.3941) 0.2679 (0.4610 1.7206) 0.2033 (0.4311 2.1203) 0.2829 (0.3804 1.3446) 0.2952 (0.4683 1.5866) 0.2120 (0.4464 2.1056) 0.2208 (0.3247 1.4703) 0.2229 (0.3317 1.4885) 0.3236 (0.0925 0.2859) 0.3335 (0.0984 0.2950)
Vdar1                0.2846 (0.2294 0.8059) 0.2662 (0.1942 0.7292) 0.2864 (0.2228 0.7777) 0.2841 (0.1844 0.6488) 0.2423 (0.4019 1.6588) 0.1826 (0.3717 2.0361) 0.2450 (0.4793 1.9562) 0.2149 (0.4203 1.9561) 0.1377 (0.4459 3.2383) 0.1377 (0.4459 3.2383) 0.1880 (0.3739 1.9887) 0.2511 (0.1760 0.7011) 0.2558 (0.4284 1.6744) 0.2240 (0.3306 1.4757) 0.2613 (0.3801 1.4547) 0.2539 (0.4624 1.8210) 0.2090 (0.4315 2.0647) 0.2716 (0.3864 1.4226) 0.2663 (0.4694 1.7631) 0.2037 (0.4485 2.2023) 0.2145 (0.3236 1.5085) 0.2094 (0.3293 1.5727) 0.3371 (0.0928 0.2754) 0.3301 (0.0955 0.2895) 0.1897 (0.0090 0.0475)
Vduc1                0.2824 (0.2418 0.8564) 0.2538 (0.2014 0.7933) 0.2810 (0.2330 0.8292) 0.2677 (0.1852 0.6918) 0.1998 (0.3861 1.9322) 0.1287 (0.3773 2.9303) 0.2317 (0.4750 2.0498) 0.1796 (0.4170 2.3225)-1.0000 (0.4517 -1.0000)-1.0000 (0.4517 -1.0000) 0.1647 (0.3951 2.3985) 0.2499 (0.1817 0.7270) 0.2238 (0.4240 1.8941) 0.2127 (0.3295 1.5490) 0.2314 (0.3800 1.6424) 0.2401 (0.4377 1.8230) 0.1849 (0.4185 2.2635) 0.2501 (0.3805 1.5216) 0.2528 (0.4540 1.7959) 0.1805 (0.4345 2.4075) 0.1957 (0.3254 1.6627) 0.1902 (0.3361 1.7675) 0.3087 (0.0991 0.3210) 0.3061 (0.1009 0.3296) 0.3654 (0.0308 0.0844) 0.5283 (0.0308 0.0583)
Vmac1                0.2978 (0.2315 0.7775) 0.2715 (0.1996 0.7352) 0.3018 (0.2238 0.7414) 0.2855 (0.1901 0.6657) 0.2445 (0.3979 1.6274) 0.1772 (0.3761 2.1219) 0.2672 (0.4799 1.7962) 0.2314 (0.4229 1.8276) 0.1827 (0.4559 2.4950) 0.1827 (0.4559 2.4950) 0.1848 (0.3825 2.0696) 0.2679 (0.1824 0.6809) 0.2750 (0.4229 1.5381) 0.2385 (0.3271 1.3711) 0.2789 (0.3800 1.3627) 0.2535 (0.4552 1.7957) 0.2278 (0.4329 1.9010) 0.3030 (0.3919 1.2935) 0.2804 (0.4624 1.6494) 0.2184 (0.4468 2.0457) 0.2282 (0.3343 1.4648) 0.2352 (0.3421 1.4542) 0.3604 (0.1024 0.2840) 0.3438 (0.0986 0.2867) 0.3304 (0.0283 0.0855) 0.3628 (0.0264 0.0728) 0.4439 (0.0406 0.0915)
Vvin1                0.2509 (0.3157 1.2583) 0.2374 (0.3097 1.3046) 0.2655 (0.3183 1.1986) 0.2461 (0.3161 1.2840) 0.2417 (0.2953 1.2217) 0.1927 (0.2539 1.3177) 0.2198 (0.4148 1.8871) 0.2198 (0.3599 1.6371) 0.1673 (0.3871 2.3129) 0.1673 (0.3871 2.3129) 0.2070 (0.4007 1.9355) 0.2444 (0.3238 1.3247) 0.3436 (0.3298 0.9599) 0.2429 (0.2345 0.9655) 0.2908 (0.2844 0.9780) 0.3023 (0.3481 1.1514) 0.3206 (0.3608 1.1254) 0.2463 (0.2343 0.9516) 0.3079 (0.3521 1.1434) 0.3109 (0.3820 1.2284) 0.2645 (0.3007 1.1372) 0.2751 (0.3121 1.1344) 0.2124 (0.3014 1.4190) 0.2405 (0.3248 1.3504) 0.2215 (0.3282 1.4813) 0.2274 (0.3314 1.4575) 0.2108 (0.3293 1.5623) 0.2626 (0.3384 1.2885)
Vvin2                0.2322 (0.3817 1.6443) 0.2119 (0.3718 1.7545) 0.2415 (0.3859 1.5976) 0.2344 (0.3960 1.6893) 0.2373 (0.3055 1.2871) 0.1865 (0.2628 1.4092) 0.2163 (0.4919 2.2744) 0.1842 (0.4451 2.4170)-1.0000 (0.4733 -1.0000)-1.0000 (0.4733 -1.0000) 0.1393 (0.4430 3.1798) 0.2826 (0.3805 1.3465) 0.2559 (0.3311 1.2938) 0.2539 (0.3000 1.1817) 0.2724 (0.2952 1.0839) 0.3107 (0.3449 1.1102) 0.2379 (0.3181 1.3371) 0.2529 (0.3090 1.2220) 0.2776 (0.3470 1.2499) 0.2263 (0.3196 1.4123) 0.2131 (0.3718 1.7451) 0.2118 (0.3798 1.7935) 0.1706 (0.3441 2.0163) 0.2103 (0.3891 1.8505) 0.2140 (0.3912 1.8279) 0.2085 (0.3895 1.8682) 0.1940 (0.3965 2.0435) 0.2436 (0.3953 1.6225) 0.2380 (0.2940 1.2354)
Vvin3                0.2726 (0.3756 1.3782) 0.2448 (0.3863 1.5779) 0.2702 (0.3747 1.3868) 0.2781 (0.4077 1.4657) 0.2791 (0.3341 1.1974) 0.2307 (0.2917 1.2643) 0.2037 (0.4837 2.3748) 0.1188 (0.4298 3.6174)-1.0000 (0.4606 -1.0000)-1.0000 (0.4606 -1.0000) 0.1859 (0.4349 2.3398) 0.2964 (0.3712 1.2525) 0.3124 (0.3398 1.0875) 0.2681 (0.3113 1.1611) 0.3372 (0.3128 0.9277) 0.3394 (0.3623 1.0675) 0.2801 (0.3550 1.2673) 0.2806 (0.3207 1.1430) 0.3149 (0.3634 1.1541) 0.3024 (0.3645 1.2053) 0.2291 (0.3870 1.6892) 0.2215 (0.4008 1.8097) 0.2059 (0.3428 1.6653) 0.2469 (0.3873 1.5685) 0.2479 (0.3915 1.5794) 0.2387 (0.3899 1.6334) 0.2268 (0.3933 1.7337) 0.2737 (0.3944 1.4413) 0.2599 (0.3002 1.1549) 0.5569 (0.1337 0.2400)
Vvin4                0.2350 (0.2623 1.1158) 0.2140 (0.2383 1.1138) 0.2050 (0.2546 1.2419) 0.2372 (0.2458 1.0364) 0.2493 (0.3304 1.3254) 0.1863 (0.3002 1.6114) 0.2571 (0.4378 1.7026) 0.2396 (0.3899 1.6273) 0.1729 (0.4120 2.3834) 0.1729 (0.4120 2.3834) 0.1550 (0.3261 2.1034) 0.2153 (0.2586 1.2008) 0.2641 (0.3565 1.3497) 0.1984 (0.2873 1.4483) 0.2353 (0.3200 1.3600) 0.3026 (0.3871 1.2793) 0.2152 (0.4145 1.9262) 0.2253 (0.3091 1.3719) 0.3119 (0.3948 1.2657) 0.2060 (0.4087 1.9837) 0.2593 (0.2576 0.9934) 0.2757 (0.2705 0.9812) 0.2100 (0.2626 1.2504) 0.2177 (0.2752 1.2638) 0.1997 (0.2760 1.3820) 0.1877 (0.2765 1.4732) 0.1827 (0.2824 1.5453) 0.2141 (0.2846 1.3296) 0.2553 (0.2775 1.0870) 0.2387 (0.3045 1.2758) 0.2433 (0.3297 1.3554)
TREE #  1:  (1, (((2, 4), (12, ((23, 24), (((25, 26), 27), 28)))), (((((5, 13), (6, 15)), (((16, 19), (17, 20)), (30, 31))), (((((7, 8), (9, 10)), 14), 18), 29)), ((11, (21, 22)), 32))), 3);   MP score: -1
lnL(ntime: 61  np: 66): -27125.942971      +0.000000
  33..1    33..34   34..35   35..36   36..2    36..4    35..37   37..12   37..38   38..39   39..23   39..24   38..40   40..41   41..42   42..25   42..26   41..27   40..28   34..43   43..44   44..45   45..46   46..47   47..5    47..13   46..48   48..6    48..15   45..49   49..50   50..51   51..16   51..19   50..52   52..17   52..20   49..53   53..30   53..31   44..54   54..55   55..56   56..57   57..58   58..7    58..8    57..59   59..9    59..10   56..14   55..18   54..29   43..60   60..61   61..11   61..62   62..21   62..22   60..32   33..3  
 0.204692 0.347883 0.107752 0.314574 0.193139 0.128623 0.102660 0.467041 0.344726 0.218195 0.081884 0.049088 0.147192 0.016171 0.018644 0.037340 0.022014 0.088629 0.067837 0.362536 0.406057 0.211566 0.267939 0.269272 0.521934 0.563847 0.182882 0.486727 0.532075 0.076434 0.090584 0.946674 0.135974 0.163720 0.983090 0.146787 0.208061 0.630549 0.224328 0.324606 0.101799 0.095779 0.097193 1.373711 0.287751 0.389363 0.142762 0.585789 0.000004 0.000004 0.712981 0.793559 0.584030 0.063061 0.165781 1.415743 0.658913 0.096384 0.122047 0.591399 0.206363 2.020438 0.622429 0.356667 0.184048 8.779967

Note: Branch length is defined as number of nucleotide substitutions per codon (not per nucleotide site).

tree length = 19.178139

(1: 0.204692, (((2: 0.193139, 4: 0.128623): 0.314574, (12: 0.467041, ((23: 0.081884, 24: 0.049088): 0.218195, (((25: 0.037340, 26: 0.022014): 0.018644, 27: 0.088629): 0.016171, 28: 0.067837): 0.147192): 0.344726): 0.102660): 0.107752, (((((5: 0.521934, 13: 0.563847): 0.269272, (6: 0.486727, 15: 0.532075): 0.182882): 0.267939, (((16: 0.135974, 19: 0.163720): 0.946674, (17: 0.146787, 20: 0.208061): 0.983090): 0.090584, (30: 0.224328, 31: 0.324606): 0.630549): 0.076434): 0.211566, (((((7: 0.389363, 8: 0.142762): 0.287751, (9: 0.000004, 10: 0.000004): 0.585789): 1.373711, 14: 0.712981): 0.097193, 18: 0.793559): 0.095779, 29: 0.584030): 0.101799): 0.406057, ((11: 1.415743, (21: 0.096384, 22: 0.122047): 0.658913): 0.165781, 32: 0.591399): 0.063061): 0.362536): 0.347883, 3: 0.206363);

(Aer1: 0.204692, (((Aer2: 0.193139, Aer4: 0.128623): 0.314574, (Csin1: 0.467041, ((Rsim1: 0.081884, Rsim2: 0.049088): 0.218195, (((Vcor1: 0.037340, Vdar1: 0.022014): 0.018644, Vduc1: 0.088629): 0.016171, Vmac1: 0.067837): 0.147192): 0.344726): 0.102660): 0.107752, (((((Aer5: 0.521934, Csin2: 0.563847): 0.269272, (Aer6: 0.486727, Csin4: 0.532075): 0.182882): 0.267939, (((Mdo1: 0.135974, Mdo4: 0.163720): 0.946674, (Mdo2: 0.146787, Mdo5: 0.208061): 0.983090): 0.090584, (Vvin2: 0.224328, Vvin3: 0.324606): 0.630549): 0.076434): 0.211566, (((((Ath1: 0.389363, Ath2: 0.142762): 0.287751, (Ath3: 0.000004, Ath4: 0.000004): 0.585789): 1.373711, Csin3: 0.712981): 0.097193, Mdo3: 0.793559): 0.095779, Vvin1: 0.584030): 0.101799): 0.406057, ((Ath5: 1.415743, (Mdo6: 0.096384, Mdo7: 0.122047): 0.658913): 0.165781, Vvin4: 0.591399): 0.063061): 0.362536): 0.347883, Aer3: 0.206363);

Detailed output identifying parameters

kappa (ts/tv) =  2.02044


MLEs of dN/dS (w) for site classes (K=4)

site class             0        1       2a       2b
proportion       0.62243  0.35667  0.01329  0.00761
background w     0.18405  1.00000  0.18405  1.00000
foreground w     0.18405  1.00000  8.77997  8.77997


Naive Empirical Bayes (NEB) analysis (please use the BEB results.)
Positive sites for foreground lineages Prob(w>1):

    22 E 0.544
    35 - 0.507
    37 E 0.729
    40 G 0.728
   353 K 0.836

Bayes Empirical Bayes (BEB) analysis (Yang, Wong & Nielsen 2005. Mol. Biol. Evol. 22:1107-1118)
Positive sites for foreground lineages Prob(w>1):
    22 E 0.709
    37 E 0.647
    40 G 0.636
   353 K 0.824
   436 T 0.520


The grid (see ternary graph for p0-p1)

w0:   0.050  0.150  0.250  0.350  0.450  0.550  0.650  0.750  0.850  0.950
w2:   1.500  2.500  3.500  4.500  5.500  6.500  7.500  8.500  9.500 10.500


Posterior on the grid

w0:   0.000  1.000  0.000  0.000  0.000  0.000  0.000  0.000  0.000  0.000
w2:   0.090  0.108  0.130  0.136  0.128  0.115  0.099  0.082  0.064  0.049

Posterior for p0-p1 (see the ternary graph) (YWN2015, fig. 1)

 0.000
 0.000 0.000 0.000
 0.000 0.000 0.000 0.000 0.000
 0.000 0.000 0.000 0.000 0.000 0.000 0.000
 0.000 0.000 0.000 0.000 0.000 0.000 0.000 0.000 0.000
 0.000 0.000 0.000 0.000 0.000 0.000 0.000 0.000 0.000 0.000 0.333
 0.000 0.000 0.000 0.000 0.000 0.000 0.000 0.000 0.000 0.002 0.021 0.454 0.190
 0.000 0.000 0.000 0.000 0.000 0.000 0.000 0.000 0.000 0.000 0.000 0.000 0.000 0.000 0.000
 0.000 0.000 0.000 0.000 0.000 0.000 0.000 0.000 0.000 0.000 0.000 0.000 0.000 0.000 0.000 0.000 0.000
 0.000 0.000 0.000 0.000 0.000 0.000 0.000 0.000 0.000 0.000 0.000 0.000 0.000 0.000 0.000 0.000 0.000 0.000 0.000

sum of density on p0-p1 =   1.000000
